[  0%] Built target visualization_msgs_generate_messages_nodejs
[  8%] [32m[1mLinking CXX executable Subscribe[0m
[  8%] Built target torobo_msgs_generate_messages_nodejs
[  8%] Built target visualization_msgs_generate_messages_eus
[  8%] Built target dynamic_reconfigure_generate_messages_nodejs
[  8%] Built target dynamic_reconfigure_generate_messages_lisp
[  8%] Built target dynamic_reconfigure_generate_messages_eus
[  8%] Built target moveit_ros_planning_gencfg
[  8%] Built target control_msgs_generate_messages_cpp
[ 16%] Built target Subscribe
[ 16%] Built target trajectory_msgs_generate_messages_lisp
[ 16%] Built target torobo_msgs_generate_messages_cpp
[ 16%] Built target geometry_msgs_generate_messages_py
[ 16%] Built target geometry_msgs_generate_messages_lisp
[ 16%] Built target trajectory_msgs_generate_messages_eus
[ 16%] Built target roscpp_generate_messages_py
[ 16%] Built target actionlib_generate_messages_cpp
[ 16%] Built target object_recognition_msgs_generate_messages_eus
[ 16%] Built target octomap_msgs_generate_messages_eus
[ 16%] Built target sensor_msgs_generate_messages_lisp
[ 16%] Built target std_srvs_generate_messages_cpp
[ 16%] Built target tf2_msgs_generate_messages_cpp
[ 16%] Built target visualization_msgs_generate_messages_cpp
[ 16%] Built target sensor_msgs_generate_messages_eus
[ 16%] Built target tf2_msgs_generate_messages_eus
[ 16%] Built target dynamic_reconfigure_gencfg
[ 16%] Built target tf2_msgs_generate_messages_lisp
[ 16%] Built target actionlib_generate_messages_py
[ 16%] Built target tf2_msgs_generate_messages_py
[ 16%] Built target std_msgs_generate_messages_nodejs
[ 16%] Built target moveit_msgs_generate_messages_eus
[ 16%] Built target moveit_msgs_generate_messages_lisp
[ 16%] Built target tf2_msgs_generate_messages_nodejs
[ 16%] Built target moveit_msgs_generate_messages_cpp
[ 16%] Built target shape_msgs_generate_messages_eus
[ 16%] Built target dynamic_reconfigure_generate_messages_py
[ 16%] Built target shape_msgs_generate_messages_lisp
[ 16%] Built target object_recognition_msgs_generate_messages_nodejs
[ 16%] Built target shape_msgs_generate_messages_nodejs
[ 16%] Built target std_srvs_generate_messages_nodejs
[ 16%] Built target octomap_msgs_generate_messages_nodejs
[ 16%] Built target object_recognition_msgs_generate_messages_py
[ 16%] Built target std_srvs_generate_messages_eus
[ 16%] Built target roscpp_generate_messages_lisp
[ 16%] Built target octomap_msgs_generate_messages_lisp
[ 16%] Built target std_msgs_generate_messages_eus
[ 16%] Built target visualization_msgs_generate_messages_lisp
[ 16%] Built target control_msgs_generate_messages_py
[ 16%] Built target rosgraph_msgs_generate_messages_nodejs
[ 16%] Built target control_msgs_generate_messages_eus
[ 16%] Built target control_msgs_generate_messages_lisp
[ 16%] Built target roscpp_generate_messages_cpp
[ 16%] Built target control_msgs_generate_messages_nodejs
[ 16%] Built target roscpp_generate_messages_eus
[ 16%] Built target rosgraph_msgs_generate_messages_py
[ 16%] Built target actionlib_msgs_generate_messages_eus
[ 16%] Built target octomap_msgs_generate_messages_cpp
[ 16%] Built target actionlib_msgs_generate_messages_py
[ 16%] Built target actionlib_msgs_generate_messages_lisp
[ 16%] Built target tf_generate_messages_eus
[ 16%] Built target actionlib_msgs_generate_messages_cpp
[ 16%] Built target octomap_msgs_generate_messages_py
[ 16%] Built target tf_generate_messages_lisp
[ 16%] Built target tf_generate_messages_nodejs
[ 16%] Built target actionlib_generate_messages_eus
[ 16%] Built target moveit_msgs_generate_messages_py
[ 16%] Built target actionlib_generate_messages_lisp
[ 16%] Built target actionlib_generate_messages_nodejs
[ 16%] Built target geometry_msgs_generate_messages_cpp
[ 16%] Built target shape_msgs_generate_messages_cpp
[ 16%] Built target tf_generate_messages_cpp
[ 16%] Built target rosgraph_msgs_generate_messages_eus
[ 16%] Built target object_recognition_msgs_generate_messages_cpp
[ 16%] Built target torobo_msgs_generate_messages_eus
[ 16%] Built target sensor_msgs_generate_messages_cpp
[ 16%] Built target sensor_msgs_generate_messages_py
[ 16%] Built target trajectory_msgs_generate_messages_nodejs
[ 16%] Built target object_recognition_msgs_generate_messages_lisp
[ 16%] Built target dynamic_reconfigure_generate_messages_cpp
[ 16%] Built target tf_generate_messages_py
[ 16%] Built target std_msgs_generate_messages_cpp
[ 16%] Built target geometry_msgs_generate_messages_nodejs
[ 16%] Built target moveit_msgs_generate_messages_nodejs
[ 16%] Built target sensor_msgs_generate_messages_nodejs
[ 16%] Built target actionlib_msgs_generate_messages_nodejs
[ 16%] Built target std_msgs_generate_messages_lisp
[ 16%] Built target geometry_msgs_generate_messages_eus
[ 16%] Built target roscpp_generate_messages_nodejs
[ 16%] Built target std_msgs_generate_messages_py
[ 16%] Built target trajectory_msgs_generate_messages_cpp
[ 16%] Built target rosgraph_msgs_generate_messages_cpp
[ 16%] Built target rosgraph_msgs_generate_messages_lisp
[ 16%] Built target shape_msgs_generate_messages_py
[ 16%] Built target trajectory_msgs_generate_messages_py
[ 16%] Built target torobo_msgs_generate_messages_py
[ 16%] Built target torobo_msgs_generate_messages_lisp
[ 16%] Built target std_srvs_generate_messages_lisp
[ 16%] Built target std_srvs_generate_messages_py
[ 16%] Built target visualization_msgs_generate_messages_py
[ 16%] Built target moveit_ros_manipulation_gencfg
[ 25%] [32m[1mLinking CXX executable basic_simple_talker[0m
[ 33%] [32m[1mLinking CXX executable basic_simple_listener[0m
[ 41%] [32m[1mLinking CXX executable Publish[0m
[ 50%] [32m[1mLinking CXX executable moveit_commander_mocap[0m
[ 58%] [32m[1mLinking CXX executable moveit_commander_jointvalues[0m
[ 66%] Built target basic_simple_talker
[ 75%] Built target Publish
[ 83%] Built target basic_simple_listener
[ 91%] Built target moveit_commander_mocap
[100%] Built target moveit_commander_jointvalues
