Determining if the pthread_create exist failed with the following output:
Change Dir: /home/aokilablinuxws/catkin_ws/build/torobo_gazebo_ros_control/CMakeFiles/CMakeTmp

Run Build Command:"/usr/bin/make" "cmTC_345ce/fast"
/usr/bin/make -f CMakeFiles/cmTC_345ce.dir/build.make CMakeFiles/cmTC_345ce.dir/build
make[1]: Entering directory '/home/aokilablinuxws/catkin_ws/build/torobo_gazebo_ros_control/CMakeFiles/CMakeTmp'
Building C object CMakeFiles/cmTC_345ce.dir/CheckSymbolExists.c.o
/usr/bin/cc    -o CMakeFiles/cmTC_345ce.dir/CheckSymbolExists.c.o   -c /home/aokilablinuxws/catkin_ws/build/torobo_gazebo_ros_control/CMakeFiles/CMakeTmp/CheckSymbolExists.c
Linking C executable cmTC_345ce
/usr/bin/cmake -E cmake_link_script CMakeFiles/cmTC_345ce.dir/link.txt --verbose=1
/usr/bin/cc      -rdynamic CMakeFiles/cmTC_345ce.dir/CheckSymbolExists.c.o  -o cmTC_345ce 
CMakeFiles/cmTC_345ce.dir/CheckSymbolExists.c.o: In function `main':
CheckSymbolExists.c:(.text+0x1b): undefined reference to `pthread_create'
collect2: error: ld returned 1 exit status
CMakeFiles/cmTC_345ce.dir/build.make:97: recipe for target 'cmTC_345ce' failed
make[1]: *** [cmTC_345ce] Error 1
make[1]: Leaving directory '/home/aokilablinuxws/catkin_ws/build/torobo_gazebo_ros_control/CMakeFiles/CMakeTmp'
Makefile:126: recipe for target 'cmTC_345ce/fast' failed
make: *** [cmTC_345ce/fast] Error 2

File /home/aokilablinuxws/catkin_ws/build/torobo_gazebo_ros_control/CMakeFiles/CMakeTmp/CheckSymbolExists.c:
/* */
#include <pthread.h>

int main(int argc, char** argv)
{
  (void)argv;
#ifndef pthread_create
  return ((int*)(&pthread_create))[argc];
#else
  (void)argc;
  return 0;
#endif
}

Determining if the function pthread_create exists in the pthreads failed with the following output:
Change Dir: /home/aokilablinuxws/catkin_ws/build/torobo_gazebo_ros_control/CMakeFiles/CMakeTmp

Run Build Command:"/usr/bin/make" "cmTC_7957b/fast"
/usr/bin/make -f CMakeFiles/cmTC_7957b.dir/build.make CMakeFiles/cmTC_7957b.dir/build
make[1]: Entering directory '/home/aokilablinuxws/catkin_ws/build/torobo_gazebo_ros_control/CMakeFiles/CMakeTmp'
Building C object CMakeFiles/cmTC_7957b.dir/CheckFunctionExists.c.o
/usr/bin/cc   -DCHECK_FUNCTION_EXISTS=pthread_create   -o CMakeFiles/cmTC_7957b.dir/CheckFunctionExists.c.o   -c /usr/share/cmake-3.10/Modules/CheckFunctionExists.c
Linking C executable cmTC_7957b
/usr/bin/cmake -E cmake_link_script CMakeFiles/cmTC_7957b.dir/link.txt --verbose=1
/usr/bin/cc  -DCHECK_FUNCTION_EXISTS=pthread_create    -rdynamic CMakeFiles/cmTC_7957b.dir/CheckFunctionExists.c.o  -o cmTC_7957b -lpthreads 
/usr/bin/ld: cannot find -lpthreads
collect2: error: ld returned 1 exit status
CMakeFiles/cmTC_7957b.dir/build.make:97: recipe for target 'cmTC_7957b' failed
make[1]: *** [cmTC_7957b] Error 1
make[1]: Leaving directory '/home/aokilablinuxws/catkin_ws/build/torobo_gazebo_ros_control/CMakeFiles/CMakeTmp'
Makefile:126: recipe for target 'cmTC_7957b/fast' failed
make: *** [cmTC_7957b/fast] Error 2


