[  9%] [32m[1mLinking CXX shared library /home/aokilablinuxws/catkin_ws/devel/.private/torobo_motion_manager/lib/libtorobo_motion_manager.so[0m
[  9%] Built target bond_generate_messages_nodejs
[  9%] Built target actionlib_generate_messages_nodejs
[  9%] Built target actionlib_generate_messages_py
[  9%] Built target roscpp_generate_messages_py
[  9%] Built target trajectory_msgs_generate_messages_eus
[  9%] Built target geometry_msgs_generate_messages_lisp
[  9%] Built target roscpp_generate_messages_cpp
[  9%] Built target actionlib_generate_messages_cpp
[  9%] Built target octomap_msgs_generate_messages_eus
[  9%] Built target geometry_msgs_generate_messages_py
[  9%] Built target sensor_msgs_generate_messages_lisp
[  9%] Built target torobo_msgs_generate_messages_cpp
[  9%] Built target bond_generate_messages_lisp
[  9%] Built target sensor_msgs_generate_messages_eus
[  9%] Built target sensor_msgs_generate_messages_cpp
[  9%] Built target std_msgs_generate_messages_cpp
[  9%] Built target moveit_msgs_generate_messages_nodejs
[  9%] Built target sensor_msgs_generate_messages_nodejs
[  9%] Built target sensor_msgs_generate_messages_py
[  9%] Built target nodelet_generate_messages_py
[  9%] Built target actionlib_msgs_generate_messages_nodejs
[  9%] Built target object_recognition_msgs_generate_messages_lisp
[  9%] Built target geometry_msgs_generate_messages_nodejs
[  9%] Built target std_msgs_generate_messages_lisp
[  9%] Built target std_msgs_generate_messages_py
[  9%] Built target geometry_msgs_generate_messages_eus
[  9%] Built target roscpp_generate_messages_nodejs
[  9%] Built target trajectory_msgs_generate_messages_cpp
[  9%] Built target shape_msgs_generate_messages_py
[  9%] Built target rosgraph_msgs_generate_messages_lisp
[  9%] Built target rosgraph_msgs_generate_messages_cpp
[  9%] Built target trajectory_msgs_generate_messages_py
[  9%] Built target rosgraph_msgs_generate_messages_nodejs
[  9%] Built target std_msgs_generate_messages_eus
[  9%] Built target torobo_msgs_generate_messages_lisp
[  9%] Built target torobo_msgs_generate_messages_eus
[  9%] Built target nodelet_generate_messages_cpp
[  9%] Built target bond_generate_messages_py
[  9%] Built target geometry_msgs_generate_messages_cpp
[  9%] Built target actionlib_generate_messages_lisp
[  9%] Built target bond_generate_messages_eus
[  9%] Built target torobo_msgs_generate_messages_nodejs
[  9%] Built target shape_msgs_generate_messages_eus
[  9%] Built target torobo_msgs_generate_messages_py
[  9%] Built target actionlib_msgs_generate_messages_cpp
[  9%] Built target roscpp_generate_messages_eus
[  9%] Built target rosgraph_msgs_generate_messages_py
[  9%] Built target actionlib_msgs_generate_messages_eus
[  9%] Built target octomap_msgs_generate_messages_cpp
[  9%] Built target nodelet_generate_messages_lisp
[  9%] Built target actionlib_msgs_generate_messages_lisp
[  9%] Built target actionlib_msgs_generate_messages_py
[  9%] Built target std_msgs_generate_messages_nodejs
[  9%] Built target moveit_msgs_generate_messages_eus
[  9%] Built target moveit_msgs_generate_messages_cpp
[  9%] Built target moveit_msgs_generate_messages_lisp
[  9%] Built target moveit_msgs_generate_messages_py
[  9%] Built target actionlib_generate_messages_eus
[  9%] Built target shape_msgs_generate_messages_cpp
[  9%] Built target shape_msgs_generate_messages_lisp
[  9%] Built target shape_msgs_generate_messages_nodejs
[  9%] Built target rosgraph_msgs_generate_messages_eus
[  9%] Built target object_recognition_msgs_generate_messages_nodejs
[  9%] Built target object_recognition_msgs_generate_messages_cpp
[  9%] Built target roscpp_generate_messages_lisp
[  9%] Built target object_recognition_msgs_generate_messages_py
[  9%] Built target octomap_msgs_generate_messages_nodejs
[  9%] Built target octomap_msgs_generate_messages_lisp
[  9%] Built target octomap_msgs_generate_messages_py
[  9%] Built target trajectory_msgs_generate_messages_lisp
[  9%] Built target object_recognition_msgs_generate_messages_eus
[  9%] Built target bond_generate_messages_cpp
[  9%] Built target nodelet_generate_messages_eus
[  9%] Built target trajectory_msgs_generate_messages_nodejs
[  9%] Built target nodelet_generate_messages_nodejs
[ 63%] Built target torobo_motion_manager
[ 72%] [32m[1mLinking CXX shared library /home/aokilablinuxws/catkin_ws/devel/.private/torobo_motion_manager/lib/libtorobo_motion_manager_nodelet.so[0m
[ 81%] [32m[1mLinking CXX executable /home/aokilablinuxws/catkin_ws/devel/.private/torobo_motion_manager/lib/torobo_motion_manager/torobo_motion_manager_node[0m
[ 90%] Built target torobo_motion_manager_nodelet
[100%] Built target torobo_motion_manager_node
