[  0%] Built target bond_generate_messages_nodejs
[  0%] Built target geometry_msgs_generate_messages_lisp
[  0%] Built target trajectory_msgs_generate_messages_eus
[  0%] Built target roscpp_generate_messages_py
[  0%] Built target octomap_msgs_generate_messages_eus
[  0%] Built target actionlib_generate_messages_py
[  0%] Built target roscpp_generate_messages_cpp
[  0%] Built target actionlib_generate_messages_cpp
[  0%] Built target actionlib_generate_messages_nodejs
[  0%] Built target geometry_msgs_generate_messages_py
[  0%] Built target sensor_msgs_generate_messages_lisp
[  0%] Built target sensor_msgs_generate_messages_py
[ 63%] Built target torobo_motion_manager
[ 63%] Built target sensor_msgs_generate_messages_cpp
[ 63%] Built target std_msgs_generate_messages_cpp
[ 63%] Built target sensor_msgs_generate_messages_nodejs
[ 63%] Built target nodelet_generate_messages_py
[ 63%] Built target bond_generate_messages_lisp
[ 63%] Built target sensor_msgs_generate_messages_eus
[ 63%] Built target torobo_msgs_generate_messages_cpp
[ 63%] Built target actionlib_msgs_generate_messages_nodejs
[ 63%] Built target moveit_msgs_generate_messages_nodejs
[ 63%] Built target object_recognition_msgs_generate_messages_lisp
[ 63%] Built target geometry_msgs_generate_messages_nodejs
[ 63%] Built target trajectory_msgs_generate_messages_cpp
[ 63%] Built target roscpp_generate_messages_nodejs
[ 63%] Built target std_msgs_generate_messages_lisp
[ 63%] Built target geometry_msgs_generate_messages_eus
[ 63%] Built target shape_msgs_generate_messages_py
[ 63%] Built target std_msgs_generate_messages_py
[ 63%] Built target trajectory_msgs_generate_messages_py
[ 63%] Built target rosgraph_msgs_generate_messages_cpp
[ 63%] Built target std_msgs_generate_messages_eus
[ 63%] Built target rosgraph_msgs_generate_messages_lisp
[ 63%] Built target rosgraph_msgs_generate_messages_nodejs
[ 63%] Built target torobo_msgs_generate_messages_lisp
[ 63%] Built target bond_generate_messages_py
[ 63%] Built target torobo_msgs_generate_messages_nodejs
[ 63%] Built target torobo_msgs_generate_messages_eus
[ 63%] Built target shape_msgs_generate_messages_eus
[ 63%] Built target bond_generate_messages_eus
[ 63%] Built target geometry_msgs_generate_messages_cpp
[ 63%] Built target actionlib_generate_messages_lisp
[ 63%] Built target torobo_msgs_generate_messages_py
[ 63%] Built target nodelet_generate_messages_cpp
[ 63%] Built target roscpp_generate_messages_eus
[ 63%] Built target rosgraph_msgs_generate_messages_py
[ 63%] Built target actionlib_msgs_generate_messages_cpp
[ 63%] Built target actionlib_msgs_generate_messages_eus
[ 63%] Built target nodelet_generate_messages_lisp
[ 63%] Built target octomap_msgs_generate_messages_cpp
[ 63%] Built target std_msgs_generate_messages_nodejs
[ 63%] Built target moveit_msgs_generate_messages_eus
[ 63%] Built target moveit_msgs_generate_messages_cpp
[ 63%] Built target actionlib_msgs_generate_messages_lisp
[ 63%] Built target actionlib_msgs_generate_messages_py
[ 63%] Built target actionlib_generate_messages_eus
[ 63%] Built target moveit_msgs_generate_messages_lisp
[ 63%] Built target moveit_msgs_generate_messages_py
[ 63%] Built target shape_msgs_generate_messages_nodejs
[ 63%] Built target shape_msgs_generate_messages_lisp
[ 63%] Built target shape_msgs_generate_messages_cpp
[ 63%] Built target roscpp_generate_messages_lisp
[ 63%] Built target object_recognition_msgs_generate_messages_py
[ 63%] Built target rosgraph_msgs_generate_messages_eus
[ 63%] Built target octomap_msgs_generate_messages_lisp
[ 63%] Built target object_recognition_msgs_generate_messages_eus
[ 63%] Built target object_recognition_msgs_generate_messages_cpp
[ 63%] Built target bond_generate_messages_cpp
[ 63%] Built target object_recognition_msgs_generate_messages_nodejs
[ 63%] Built target octomap_msgs_generate_messages_nodejs
[ 63%] Built target octomap_msgs_generate_messages_py
[ 63%] Built target nodelet_generate_messages_nodejs
[ 63%] Built target trajectory_msgs_generate_messages_lisp
[ 63%] Built target nodelet_generate_messages_eus
[ 63%] Built target trajectory_msgs_generate_messages_nodejs
[ 81%] Built target torobo_motion_manager_nodelet
[100%] Built target torobo_motion_manager_node
