Not searching for unused variables given on the command line.
[36m--[0m Using CATKIN_DEVEL_PREFIX: /home/aokilablinuxws/catkin_ws/devel/.private/realsense2_camera
[36m--[0m Using CMAKE_PREFIX_PATH: /home/aokilablinuxws/catkin_ws/devel;/opt/ros/melodic
[36m--[0m This workspace overlays: /home/aokilablinuxws/catkin_ws/devel;/opt/ros/melodic
[36m--[0m Found PythonInterp: /usr/bin/python2 (found suitable version "2.7.17", minimum required is "2")
[36m--[0m Using PYTHON_EXECUTABLE: /usr/bin/python2
[36m--[0m Using Debian Python package layout
[36m--[0m Using empy: /usr/bin/empy
[36m--[0m Using CATKIN_ENABLE_TESTING: ON
[36m--[0m Call enable_testing()
[36m--[0m Using CATKIN_TEST_RESULTS_DIR: /home/aokilablinuxws/catkin_ws/build/realsense2_camera/test_results
[36m--[0m Found gtest sources under '/usr/src/googletest': gtests will be built
[36m--[0m Found gmock sources under '/usr/src/googletest': gmock will be built
[36m--[0m Found PythonInterp: /usr/bin/python2 (found version "2.7.17")
[36m--[0m Using Python nosetests: /usr/bin/nosetests-2.7
[36m--[0m catkin 0.7.29
[36m--[0m BUILD_SHARED_LIBS is on
[36m--[0m Using these message generators: gencpp;geneus;genlisp;gennodejs;genpy
[31m[1mCMake Error[0m at /home/aokilablinuxws/catkin_ws/devel/share/ddynamic_reconfigure/cmake/ddynamic_reconfigureConfig.cmake:113 (message):
  Project 'ddynamic_reconfigure' specifies
  '/home/aokilablinuxws/catkin_ws/src/realsense-ros/ddynamic_reconfigure/include'
  as an include dir, which is not found.  It does neither exist as an
  absolute directory nor in
  '/home/aokilablinuxws/catkin_ws/src/realsense-ros/ddynamic_reconfigure//home/aokilablinuxws/catkin_ws/src/realsense-ros/ddynamic_reconfigure/include'.
  Report the problem to the maintainer 'Noam Dori <theNODO55@@gmail.com>' and
  request to fix the problem.
[36mCall Stack (most recent call first):[0m
  /opt/ros/melodic/share/catkin/cmake/catkinConfig.cmake:76 (find_package)
  CMakeLists.txt:11 (find_package)


[36m--[0m Configuring incomplete, errors occurred!
See also "/home/aokilablinuxws/catkin_ws/build/realsense2_camera/CMakeFiles/CMakeOutput.log".
See also "/home/aokilablinuxws/catkin_ws/build/realsense2_camera/CMakeFiles/CMakeError.log".
