[  0%] Built target _torobo_msgs_generate_messages_check_deps_SetControlMode
[  0%] Built target _torobo_msgs_generate_messages_check_deps_MoveTeachingTrajectoryGoal
[  0%] Built target _torobo_msgs_generate_messages_check_deps_GetTeachingTrajectory
[  0%] Built target _torobo_msgs_generate_messages_check_deps_MoveTeachingPointAction
[  0%] Built target _torobo_msgs_generate_messages_check_deps_MoveHomePositionActionFeedback
[  0%] Built target _torobo_msgs_generate_messages_check_deps_DeleteTeachingTrajectory
[  0%] Built target _torobo_msgs_generate_messages_check_deps_GetToroboJointState
[  0%] Built target _torobo_msgs_generate_messages_check_deps_CollisionInfoRequest
[  0%] Built target _torobo_msgs_generate_messages_check_deps_MoveTeachingPointFeedback
[  0%] Built target _torobo_msgs_generate_messages_check_deps_ErrorReset
[  0%] Built target _torobo_msgs_generate_messages_check_deps_BrakeOff
[  0%] Built target geometry_msgs_generate_messages_lisp
[  0%] Built target _torobo_msgs_generate_messages_check_deps_ToroboDynamics
[  0%] Built target sensor_msgs_generate_messages_lisp
[  0%] Built target _torobo_msgs_generate_messages_check_deps_ToroboJointState
[  0%] Built target _torobo_msgs_generate_messages_check_deps_MoveHomePositionResult
[  0%] Built target _torobo_msgs_generate_messages_check_deps_MoveHomePositionGoal
[  0%] Built target _torobo_msgs_generate_messages_check_deps_MoveTeachingTrajectoryAction
[  0%] Built target _torobo_msgs_generate_messages_check_deps_GetTeachingPoint
[  0%] Built target _torobo_msgs_generate_messages_check_deps_MoveTeachingTrajectoryActionResult
[  0%] Built target _torobo_msgs_generate_messages_check_deps_SendCommonCommand
[  0%] Built target _torobo_msgs_generate_messages_check_deps_GetTeachingTrajectoryNames
[  0%] Built target _torobo_msgs_generate_messages_check_deps_MoveTeachingTrajectoryFeedback
[  0%] Built target _torobo_msgs_generate_messages_check_deps_GetCollisionInfo
[  0%] Built target _torobo_msgs_generate_messages_check_deps_CalculateData
[  0%] Built target _torobo_msgs_generate_messages_check_deps_SetGeneralOutputRegister
[  0%] Built target _torobo_msgs_generate_messages_check_deps_MoveHomePositionFeedback
[  0%] Built target _torobo_msgs_generate_messages_check_deps_test_message
[  0%] Built target _torobo_msgs_generate_messages_check_deps_CheckCollision
[  0%] Built target _torobo_msgs_generate_messages_check_deps_MoveTeachingPointActionResult
[  0%] Built target _torobo_msgs_generate_messages_check_deps_MoveHomePositionActionResult
[  0%] Built target _torobo_msgs_generate_messages_check_deps_MoveTeachingTrajectoryResult
[  0%] Built target _torobo_msgs_generate_messages_check_deps_ServoOff
[  0%] Built target _torobo_msgs_generate_messages_check_deps_BrakeOn
[  0%] Built target _torobo_msgs_generate_messages_check_deps_MoveTeachingPointActionGoal
[  0%] Built target _torobo_msgs_generate_messages_check_deps_MoveTeachingPointActionFeedback
[  0%] Built target _torobo_msgs_generate_messages_check_deps_SetPayloadParam
[  0%] Built target _torobo_msgs_generate_messages_check_deps_GetServoState
[  0%] Built target _torobo_msgs_generate_messages_check_deps_MoveTeachingPointGoal
[  0%] Built target _torobo_msgs_generate_messages_check_deps_CollisionInfoResponse
[  0%] Built target actionlib_msgs_generate_messages_lisp
[  0%] Built target _torobo_msgs_generate_messages_check_deps_DeleteTeachingPoint
[  0%] Built target _torobo_msgs_generate_messages_check_deps_RecordTeachingPoint
[  0%] Built target _torobo_msgs_generate_messages_check_deps_SetZeroEffort
[  0%] Built target _torobo_msgs_generate_messages_check_deps_MoveHomePositionAction
[  0%] Built target trajectory_msgs_generate_messages_lisp
[  0%] Built target _torobo_msgs_generate_messages_check_deps_CancelTrajectory
[  0%] Built target _torobo_msgs_generate_messages_check_deps_MoveTeachingTrajectoryActionGoal
[  0%] Built target _torobo_msgs_generate_messages_check_deps_RecordTeachingTrajectory
[  0%] Built target _torobo_msgs_generate_messages_check_deps_MoveTeachingPointResult
[  0%] Built target _torobo_msgs_generate_messages_check_deps_GetTeachingPointNames
[  0%] Built target _torobo_msgs_generate_messages_check_deps_ClearTrajectory
[  0%] Built target moveit_msgs_generate_messages_lisp
[  0%] Built target _torobo_msgs_generate_messages_check_deps_ToroboCommand
[  0%] Built target _torobo_msgs_generate_messages_check_deps_GetJointState
[  0%] Built target _torobo_msgs_generate_messages_check_deps_MoveHomePositionActionGoal
[  0%] Built target _torobo_msgs_generate_messages_check_deps_SetRobotControllerParameter
[  0%] Built target _torobo_msgs_generate_messages_check_deps_MoveTeachingTrajectoryActionFeedback
[  0%] Built target _torobo_msgs_generate_messages_check_deps_ControllData
[  0%] Built target trajectory_msgs_generate_messages_eus
[  0%] Built target _torobo_msgs_generate_messages_check_deps_ServoOn
[  0%] Built target geometry_msgs_generate_messages_eus
[  0%] Built target actionlib_msgs_generate_messages_eus
[  0%] Built target geometry_msgs_generate_messages_cpp
[  0%] Built target moveit_msgs_generate_messages_eus
[  0%] Built target sensor_msgs_generate_messages_eus
[  0%] Built target actionlib_msgs_generate_messages_cpp
[  0%] Built target sensor_msgs_generate_messages_cpp
[  0%] Built target actionlib_msgs_generate_messages_nodejs
[  0%] Built target moveit_msgs_generate_messages_cpp
[  0%] Built target moveit_msgs_generate_messages_nodejs
[  0%] Built target trajectory_msgs_generate_messages_cpp
[  0%] Built target sensor_msgs_generate_messages_nodejs
[  0%] Built target trajectory_msgs_generate_messages_nodejs
[  0%] Built target geometry_msgs_generate_messages_py
[  0%] Built target geometry_msgs_generate_messages_nodejs
[  0%] Built target moveit_msgs_generate_messages_py
[  0%] Built target actionlib_msgs_generate_messages_py
[  0%] Built target trajectory_msgs_generate_messages_py
[  0%] Built target sensor_msgs_generate_messages_py
[ 20%] Built target torobo_msgs_generate_messages_eus
[ 40%] Built target torobo_msgs_generate_messages_lisp
[ 59%] Built target torobo_msgs_generate_messages_cpp
[ 79%] Built target torobo_msgs_generate_messages_nodejs
[100%] Built target torobo_msgs_generate_messages_py
[100%] Built target torobo_msgs_generate_messages
