Linked: (/home/aokilablinuxws/catkin_ws/devel/.private/torobo_msgs/include/torobo_msgs/SetZeroEffort.h, /home/aokilablinuxws/catkin_ws/devel/include/torobo_msgs/SetZeroEffort.h)
Linked: (/home/aokilablinuxws/catkin_ws/devel/.private/torobo_msgs/include/torobo_msgs/RecordTeachingTrajectory.h, /home/aokilablinuxws/catkin_ws/devel/include/torobo_msgs/RecordTeachingTrajectory.h)
Linked: (/home/aokilablinuxws/catkin_ws/devel/.private/torobo_msgs/include/torobo_msgs/MoveHomePositionActionGoal.h, /home/aokilablinuxws/catkin_ws/devel/include/torobo_msgs/MoveHomePositionActionGoal.h)
Linked: (/home/aokilablinuxws/catkin_ws/devel/.private/torobo_msgs/include/torobo_msgs/ErrorResetRequest.h, /home/aokilablinuxws/catkin_ws/devel/include/torobo_msgs/ErrorResetRequest.h)
Linked: (/home/aokilablinuxws/catkin_ws/devel/.private/torobo_msgs/include/torobo_msgs/GetTeachingTrajectory.h, /home/aokilablinuxws/catkin_ws/devel/include/torobo_msgs/GetTeachingTrajectory.h)
Linked: (/home/aokilablinuxws/catkin_ws/devel/.private/torobo_msgs/include/torobo_msgs/MoveHomePositionActionFeedback.h, /home/aokilablinuxws/catkin_ws/devel/include/torobo_msgs/MoveHomePositionActionFeedback.h)
Linked: (/home/aokilablinuxws/catkin_ws/devel/.private/torobo_msgs/include/torobo_msgs/CheckCollisionRequest.h, /home/aokilablinuxws/catkin_ws/devel/include/torobo_msgs/CheckCollisionRequest.h)
Linked: (/home/aokilablinuxws/catkin_ws/devel/.private/torobo_msgs/include/torobo_msgs/SetControlModeRequest.h, /home/aokilablinuxws/catkin_ws/devel/include/torobo_msgs/SetControlModeRequest.h)
Linked: (/home/aokilablinuxws/catkin_ws/devel/.private/torobo_msgs/include/torobo_msgs/MoveHomePositionGoal.h, /home/aokilablinuxws/catkin_ws/devel/include/torobo_msgs/MoveHomePositionGoal.h)
Linked: (/home/aokilablinuxws/catkin_ws/devel/.private/torobo_msgs/include/torobo_msgs/SetRobotControllerParameterResponse.h, /home/aokilablinuxws/catkin_ws/devel/include/torobo_msgs/SetRobotControllerParameterResponse.h)
Linked: (/home/aokilablinuxws/catkin_ws/devel/.private/torobo_msgs/include/torobo_msgs/MoveHomePositionFeedback.h, /home/aokilablinuxws/catkin_ws/devel/include/torobo_msgs/MoveHomePositionFeedback.h)
Linked: (/home/aokilablinuxws/catkin_ws/devel/.private/torobo_msgs/include/torobo_msgs/ErrorResetResponse.h, /home/aokilablinuxws/catkin_ws/devel/include/torobo_msgs/ErrorResetResponse.h)
Linked: (/home/aokilablinuxws/catkin_ws/devel/.private/torobo_msgs/include/torobo_msgs/GetTeachingPointNamesResponse.h, /home/aokilablinuxws/catkin_ws/devel/include/torobo_msgs/GetTeachingPointNamesResponse.h)
Linked: (/home/aokilablinuxws/catkin_ws/devel/.private/torobo_msgs/include/torobo_msgs/SetPayloadParamResponse.h, /home/aokilablinuxws/catkin_ws/devel/include/torobo_msgs/SetPayloadParamResponse.h)
Linked: (/home/aokilablinuxws/catkin_ws/devel/.private/torobo_msgs/include/torobo_msgs/SetGeneralOutputRegister.h, /home/aokilablinuxws/catkin_ws/devel/include/torobo_msgs/SetGeneralOutputRegister.h)
Linked: (/home/aokilablinuxws/catkin_ws/devel/.private/torobo_msgs/include/torobo_msgs/GetTeachingTrajectoryResponse.h, /home/aokilablinuxws/catkin_ws/devel/include/torobo_msgs/GetTeachingTrajectoryResponse.h)
Linked: (/home/aokilablinuxws/catkin_ws/devel/.private/torobo_msgs/include/torobo_msgs/DeleteTeachingPointRequest.h, /home/aokilablinuxws/catkin_ws/devel/include/torobo_msgs/DeleteTeachingPointRequest.h)
Linked: (/home/aokilablinuxws/catkin_ws/devel/.private/torobo_msgs/include/torobo_msgs/SetControlMode.h, /home/aokilablinuxws/catkin_ws/devel/include/torobo_msgs/SetControlMode.h)
Linked: (/home/aokilablinuxws/catkin_ws/devel/.private/torobo_msgs/include/torobo_msgs/RecordTeachingPoint.h, /home/aokilablinuxws/catkin_ws/devel/include/torobo_msgs/RecordTeachingPoint.h)
Linked: (/home/aokilablinuxws/catkin_ws/devel/.private/torobo_msgs/include/torobo_msgs/BrakeOffRequest.h, /home/aokilablinuxws/catkin_ws/devel/include/torobo_msgs/BrakeOffRequest.h)
Linked: (/home/aokilablinuxws/catkin_ws/devel/.private/torobo_msgs/include/torobo_msgs/BrakeOnResponse.h, /home/aokilablinuxws/catkin_ws/devel/include/torobo_msgs/BrakeOnResponse.h)
Linked: (/home/aokilablinuxws/catkin_ws/devel/.private/torobo_msgs/include/torobo_msgs/GetTeachingTrajectoryNames.h, /home/aokilablinuxws/catkin_ws/devel/include/torobo_msgs/GetTeachingTrajectoryNames.h)
Linked: (/home/aokilablinuxws/catkin_ws/devel/.private/torobo_msgs/include/torobo_msgs/GetToroboJointState.h, /home/aokilablinuxws/catkin_ws/devel/include/torobo_msgs/GetToroboJointState.h)
Linked: (/home/aokilablinuxws/catkin_ws/devel/.private/torobo_msgs/include/torobo_msgs/SetPayloadParam.h, /home/aokilablinuxws/catkin_ws/devel/include/torobo_msgs/SetPayloadParam.h)
Linked: (/home/aokilablinuxws/catkin_ws/devel/.private/torobo_msgs/include/torobo_msgs/test_message.h, /home/aokilablinuxws/catkin_ws/devel/include/torobo_msgs/test_message.h)
Linked: (/home/aokilablinuxws/catkin_ws/devel/.private/torobo_msgs/include/torobo_msgs/ServoOffRequest.h, /home/aokilablinuxws/catkin_ws/devel/include/torobo_msgs/ServoOffRequest.h)
Linked: (/home/aokilablinuxws/catkin_ws/devel/.private/torobo_msgs/include/torobo_msgs/MoveTeachingTrajectoryResult.h, /home/aokilablinuxws/catkin_ws/devel/include/torobo_msgs/MoveTeachingTrajectoryResult.h)
Linked: (/home/aokilablinuxws/catkin_ws/devel/.private/torobo_msgs/include/torobo_msgs/GetCollisionInfoResponse.h, /home/aokilablinuxws/catkin_ws/devel/include/torobo_msgs/GetCollisionInfoResponse.h)
Linked: (/home/aokilablinuxws/catkin_ws/devel/.private/torobo_msgs/include/torobo_msgs/CancelTrajectoryResponse.h, /home/aokilablinuxws/catkin_ws/devel/include/torobo_msgs/CancelTrajectoryResponse.h)
Linked: (/home/aokilablinuxws/catkin_ws/devel/.private/torobo_msgs/include/torobo_msgs/BrakeOffResponse.h, /home/aokilablinuxws/catkin_ws/devel/include/torobo_msgs/BrakeOffResponse.h)
Linked: (/home/aokilablinuxws/catkin_ws/devel/.private/torobo_msgs/include/torobo_msgs/MoveTeachingTrajectoryGoal.h, /home/aokilablinuxws/catkin_ws/devel/include/torobo_msgs/MoveTeachingTrajectoryGoal.h)
Linked: (/home/aokilablinuxws/catkin_ws/devel/.private/torobo_msgs/include/torobo_msgs/GetTeachingTrajectoryNamesRequest.h, /home/aokilablinuxws/catkin_ws/devel/include/torobo_msgs/GetTeachingTrajectoryNamesRequest.h)
Linked: (/home/aokilablinuxws/catkin_ws/devel/.private/torobo_msgs/include/torobo_msgs/ControllData.h, /home/aokilablinuxws/catkin_ws/devel/include/torobo_msgs/ControllData.h)
Linked: (/home/aokilablinuxws/catkin_ws/devel/.private/torobo_msgs/include/torobo_msgs/GetTeachingPointResponse.h, /home/aokilablinuxws/catkin_ws/devel/include/torobo_msgs/GetTeachingPointResponse.h)
Linked: (/home/aokilablinuxws/catkin_ws/devel/.private/torobo_msgs/include/torobo_msgs/ToroboCommand.h, /home/aokilablinuxws/catkin_ws/devel/include/torobo_msgs/ToroboCommand.h)
Linked: (/home/aokilablinuxws/catkin_ws/devel/.private/torobo_msgs/include/torobo_msgs/GetToroboJointStateResponse.h, /home/aokilablinuxws/catkin_ws/devel/include/torobo_msgs/GetToroboJointStateResponse.h)
Linked: (/home/aokilablinuxws/catkin_ws/devel/.private/torobo_msgs/include/torobo_msgs/GetServoStateRequest.h, /home/aokilablinuxws/catkin_ws/devel/include/torobo_msgs/GetServoStateRequest.h)
Linked: (/home/aokilablinuxws/catkin_ws/devel/.private/torobo_msgs/include/torobo_msgs/MoveTeachingTrajectoryAction.h, /home/aokilablinuxws/catkin_ws/devel/include/torobo_msgs/MoveTeachingTrajectoryAction.h)
Linked: (/home/aokilablinuxws/catkin_ws/devel/.private/torobo_msgs/include/torobo_msgs/BrakeOff.h, /home/aokilablinuxws/catkin_ws/devel/include/torobo_msgs/BrakeOff.h)
Linked: (/home/aokilablinuxws/catkin_ws/devel/.private/torobo_msgs/include/torobo_msgs/SetPayloadParamRequest.h, /home/aokilablinuxws/catkin_ws/devel/include/torobo_msgs/SetPayloadParamRequest.h)
Linked: (/home/aokilablinuxws/catkin_ws/devel/.private/torobo_msgs/include/torobo_msgs/GetToroboJointStateRequest.h, /home/aokilablinuxws/catkin_ws/devel/include/torobo_msgs/GetToroboJointStateRequest.h)
Linked: (/home/aokilablinuxws/catkin_ws/devel/.private/torobo_msgs/include/torobo_msgs/MoveTeachingTrajectoryActionFeedback.h, /home/aokilablinuxws/catkin_ws/devel/include/torobo_msgs/MoveTeachingTrajectoryActionFeedback.h)
Linked: (/home/aokilablinuxws/catkin_ws/devel/.private/torobo_msgs/include/torobo_msgs/MoveHomePositionActionResult.h, /home/aokilablinuxws/catkin_ws/devel/include/torobo_msgs/MoveHomePositionActionResult.h)
Linked: (/home/aokilablinuxws/catkin_ws/devel/.private/torobo_msgs/include/torobo_msgs/ServoOnResponse.h, /home/aokilablinuxws/catkin_ws/devel/include/torobo_msgs/ServoOnResponse.h)
Linked: (/home/aokilablinuxws/catkin_ws/devel/.private/torobo_msgs/include/torobo_msgs/GetTeachingPoint.h, /home/aokilablinuxws/catkin_ws/devel/include/torobo_msgs/GetTeachingPoint.h)
Linked: (/home/aokilablinuxws/catkin_ws/devel/.private/torobo_msgs/include/torobo_msgs/GetServoStateResponse.h, /home/aokilablinuxws/catkin_ws/devel/include/torobo_msgs/GetServoStateResponse.h)
Linked: (/home/aokilablinuxws/catkin_ws/devel/.private/torobo_msgs/include/torobo_msgs/SetGeneralOutputRegisterRequest.h, /home/aokilablinuxws/catkin_ws/devel/include/torobo_msgs/SetGeneralOutputRegisterRequest.h)
Linked: (/home/aokilablinuxws/catkin_ws/devel/.private/torobo_msgs/include/torobo_msgs/SetRobotControllerParameter.h, /home/aokilablinuxws/catkin_ws/devel/include/torobo_msgs/SetRobotControllerParameter.h)
Linked: (/home/aokilablinuxws/catkin_ws/devel/.private/torobo_msgs/include/torobo_msgs/RecordTeachingPointResponse.h, /home/aokilablinuxws/catkin_ws/devel/include/torobo_msgs/RecordTeachingPointResponse.h)
Linked: (/home/aokilablinuxws/catkin_ws/devel/.private/torobo_msgs/include/torobo_msgs/SetZeroEffortRequest.h, /home/aokilablinuxws/catkin_ws/devel/include/torobo_msgs/SetZeroEffortRequest.h)
Linked: (/home/aokilablinuxws/catkin_ws/devel/.private/torobo_msgs/include/torobo_msgs/ToroboJointState.h, /home/aokilablinuxws/catkin_ws/devel/include/torobo_msgs/ToroboJointState.h)
Linked: (/home/aokilablinuxws/catkin_ws/devel/.private/torobo_msgs/include/torobo_msgs/MoveTeachingPointActionFeedback.h, /home/aokilablinuxws/catkin_ws/devel/include/torobo_msgs/MoveTeachingPointActionFeedback.h)
Linked: (/home/aokilablinuxws/catkin_ws/devel/.private/torobo_msgs/include/torobo_msgs/ErrorReset.h, /home/aokilablinuxws/catkin_ws/devel/include/torobo_msgs/ErrorReset.h)
Linked: (/home/aokilablinuxws/catkin_ws/devel/.private/torobo_msgs/include/torobo_msgs/SetGeneralOutputRegisterResponse.h, /home/aokilablinuxws/catkin_ws/devel/include/torobo_msgs/SetGeneralOutputRegisterResponse.h)
Linked: (/home/aokilablinuxws/catkin_ws/devel/.private/torobo_msgs/include/torobo_msgs/MoveHomePositionAction.h, /home/aokilablinuxws/catkin_ws/devel/include/torobo_msgs/MoveHomePositionAction.h)
Linked: (/home/aokilablinuxws/catkin_ws/devel/.private/torobo_msgs/include/torobo_msgs/BrakeOnRequest.h, /home/aokilablinuxws/catkin_ws/devel/include/torobo_msgs/BrakeOnRequest.h)
Linked: (/home/aokilablinuxws/catkin_ws/devel/.private/torobo_msgs/include/torobo_msgs/CalculateData.h, /home/aokilablinuxws/catkin_ws/devel/include/torobo_msgs/CalculateData.h)
Linked: (/home/aokilablinuxws/catkin_ws/devel/.private/torobo_msgs/include/torobo_msgs/MoveTeachingPointGoal.h, /home/aokilablinuxws/catkin_ws/devel/include/torobo_msgs/MoveTeachingPointGoal.h)
Linked: (/home/aokilablinuxws/catkin_ws/devel/.private/torobo_msgs/include/torobo_msgs/ServoOnRequest.h, /home/aokilablinuxws/catkin_ws/devel/include/torobo_msgs/ServoOnRequest.h)
Linked: (/home/aokilablinuxws/catkin_ws/devel/.private/torobo_msgs/include/torobo_msgs/CancelTrajectory.h, /home/aokilablinuxws/catkin_ws/devel/include/torobo_msgs/CancelTrajectory.h)
Linked: (/home/aokilablinuxws/catkin_ws/devel/.private/torobo_msgs/include/torobo_msgs/GetTeachingPointRequest.h, /home/aokilablinuxws/catkin_ws/devel/include/torobo_msgs/GetTeachingPointRequest.h)
Linked: (/home/aokilablinuxws/catkin_ws/devel/.private/torobo_msgs/include/torobo_msgs/CheckCollisionResponse.h, /home/aokilablinuxws/catkin_ws/devel/include/torobo_msgs/CheckCollisionResponse.h)
Linked: (/home/aokilablinuxws/catkin_ws/devel/.private/torobo_msgs/include/torobo_msgs/SendCommonCommandResponse.h, /home/aokilablinuxws/catkin_ws/devel/include/torobo_msgs/SendCommonCommandResponse.h)
Linked: (/home/aokilablinuxws/catkin_ws/devel/.private/torobo_msgs/include/torobo_msgs/CollisionInfoResponse.h, /home/aokilablinuxws/catkin_ws/devel/include/torobo_msgs/CollisionInfoResponse.h)
Linked: (/home/aokilablinuxws/catkin_ws/devel/.private/torobo_msgs/include/torobo_msgs/CheckCollision.h, /home/aokilablinuxws/catkin_ws/devel/include/torobo_msgs/CheckCollision.h)
Linked: (/home/aokilablinuxws/catkin_ws/devel/.private/torobo_msgs/include/torobo_msgs/GetCollisionInfo.h, /home/aokilablinuxws/catkin_ws/devel/include/torobo_msgs/GetCollisionInfo.h)
Linked: (/home/aokilablinuxws/catkin_ws/devel/.private/torobo_msgs/include/torobo_msgs/DeleteTeachingTrajectory.h, /home/aokilablinuxws/catkin_ws/devel/include/torobo_msgs/DeleteTeachingTrajectory.h)
Linked: (/home/aokilablinuxws/catkin_ws/devel/.private/torobo_msgs/include/torobo_msgs/DeleteTeachingTrajectoryResponse.h, /home/aokilablinuxws/catkin_ws/devel/include/torobo_msgs/DeleteTeachingTrajectoryResponse.h)
Linked: (/home/aokilablinuxws/catkin_ws/devel/.private/torobo_msgs/include/torobo_msgs/GetTeachingPointNames.h, /home/aokilablinuxws/catkin_ws/devel/include/torobo_msgs/GetTeachingPointNames.h)
Linked: (/home/aokilablinuxws/catkin_ws/devel/.private/torobo_msgs/include/torobo_msgs/ClearTrajectoryResponse.h, /home/aokilablinuxws/catkin_ws/devel/include/torobo_msgs/ClearTrajectoryResponse.h)
Linked: (/home/aokilablinuxws/catkin_ws/devel/.private/torobo_msgs/include/torobo_msgs/DeleteTeachingPoint.h, /home/aokilablinuxws/catkin_ws/devel/include/torobo_msgs/DeleteTeachingPoint.h)
Linked: (/home/aokilablinuxws/catkin_ws/devel/.private/torobo_msgs/include/torobo_msgs/GetTeachingTrajectoryRequest.h, /home/aokilablinuxws/catkin_ws/devel/include/torobo_msgs/GetTeachingTrajectoryRequest.h)
Linked: (/home/aokilablinuxws/catkin_ws/devel/.private/torobo_msgs/include/torobo_msgs/MoveHomePositionResult.h, /home/aokilablinuxws/catkin_ws/devel/include/torobo_msgs/MoveHomePositionResult.h)
Linked: (/home/aokilablinuxws/catkin_ws/devel/.private/torobo_msgs/include/torobo_msgs/MoveTeachingPointActionResult.h, /home/aokilablinuxws/catkin_ws/devel/include/torobo_msgs/MoveTeachingPointActionResult.h)
Linked: (/home/aokilablinuxws/catkin_ws/devel/.private/torobo_msgs/include/torobo_msgs/ServoOn.h, /home/aokilablinuxws/catkin_ws/devel/include/torobo_msgs/ServoOn.h)
Linked: (/home/aokilablinuxws/catkin_ws/devel/.private/torobo_msgs/include/torobo_msgs/GetJointStateResponse.h, /home/aokilablinuxws/catkin_ws/devel/include/torobo_msgs/GetJointStateResponse.h)
Linked: (/home/aokilablinuxws/catkin_ws/devel/.private/torobo_msgs/include/torobo_msgs/MoveTeachingPointFeedback.h, /home/aokilablinuxws/catkin_ws/devel/include/torobo_msgs/MoveTeachingPointFeedback.h)
Linked: (/home/aokilablinuxws/catkin_ws/devel/.private/torobo_msgs/include/torobo_msgs/MoveTeachingTrajectoryActionResult.h, /home/aokilablinuxws/catkin_ws/devel/include/torobo_msgs/MoveTeachingTrajectoryActionResult.h)
Linked: (/home/aokilablinuxws/catkin_ws/devel/.private/torobo_msgs/include/torobo_msgs/ClearTrajectoryRequest.h, /home/aokilablinuxws/catkin_ws/devel/include/torobo_msgs/ClearTrajectoryRequest.h)
Linked: (/home/aokilablinuxws/catkin_ws/devel/.private/torobo_msgs/include/torobo_msgs/MoveTeachingPointResult.h, /home/aokilablinuxws/catkin_ws/devel/include/torobo_msgs/MoveTeachingPointResult.h)
Linked: (/home/aokilablinuxws/catkin_ws/devel/.private/torobo_msgs/include/torobo_msgs/CancelTrajectoryRequest.h, /home/aokilablinuxws/catkin_ws/devel/include/torobo_msgs/CancelTrajectoryRequest.h)
Linked: (/home/aokilablinuxws/catkin_ws/devel/.private/torobo_msgs/include/torobo_msgs/SetZeroEffortResponse.h, /home/aokilablinuxws/catkin_ws/devel/include/torobo_msgs/SetZeroEffortResponse.h)
Linked: (/home/aokilablinuxws/catkin_ws/devel/.private/torobo_msgs/include/torobo_msgs/SetControlModeResponse.h, /home/aokilablinuxws/catkin_ws/devel/include/torobo_msgs/SetControlModeResponse.h)
Linked: (/home/aokilablinuxws/catkin_ws/devel/.private/torobo_msgs/include/torobo_msgs/BrakeOn.h, /home/aokilablinuxws/catkin_ws/devel/include/torobo_msgs/BrakeOn.h)
Linked: (/home/aokilablinuxws/catkin_ws/devel/.private/torobo_msgs/include/torobo_msgs/SendCommonCommandRequest.h, /home/aokilablinuxws/catkin_ws/devel/include/torobo_msgs/SendCommonCommandRequest.h)
Linked: (/home/aokilablinuxws/catkin_ws/devel/.private/torobo_msgs/include/torobo_msgs/DeleteTeachingTrajectoryRequest.h, /home/aokilablinuxws/catkin_ws/devel/include/torobo_msgs/DeleteTeachingTrajectoryRequest.h)
Linked: (/home/aokilablinuxws/catkin_ws/devel/.private/torobo_msgs/include/torobo_msgs/DeleteTeachingPointResponse.h, /home/aokilablinuxws/catkin_ws/devel/include/torobo_msgs/DeleteTeachingPointResponse.h)
Linked: (/home/aokilablinuxws/catkin_ws/devel/.private/torobo_msgs/include/torobo_msgs/GetJointStateRequest.h, /home/aokilablinuxws/catkin_ws/devel/include/torobo_msgs/GetJointStateRequest.h)
Linked: (/home/aokilablinuxws/catkin_ws/devel/.private/torobo_msgs/include/torobo_msgs/MoveTeachingTrajectoryActionGoal.h, /home/aokilablinuxws/catkin_ws/devel/include/torobo_msgs/MoveTeachingTrajectoryActionGoal.h)
Linked: (/home/aokilablinuxws/catkin_ws/devel/.private/torobo_msgs/include/torobo_msgs/MoveTeachingTrajectoryFeedback.h, /home/aokilablinuxws/catkin_ws/devel/include/torobo_msgs/MoveTeachingTrajectoryFeedback.h)
Linked: (/home/aokilablinuxws/catkin_ws/devel/.private/torobo_msgs/include/torobo_msgs/ServoOff.h, /home/aokilablinuxws/catkin_ws/devel/include/torobo_msgs/ServoOff.h)
Linked: (/home/aokilablinuxws/catkin_ws/devel/.private/torobo_msgs/include/torobo_msgs/SendCommonCommand.h, /home/aokilablinuxws/catkin_ws/devel/include/torobo_msgs/SendCommonCommand.h)
Linked: (/home/aokilablinuxws/catkin_ws/devel/.private/torobo_msgs/include/torobo_msgs/GetJointState.h, /home/aokilablinuxws/catkin_ws/devel/include/torobo_msgs/GetJointState.h)
Linked: (/home/aokilablinuxws/catkin_ws/devel/.private/torobo_msgs/include/torobo_msgs/SetRobotControllerParameterRequest.h, /home/aokilablinuxws/catkin_ws/devel/include/torobo_msgs/SetRobotControllerParameterRequest.h)
Linked: (/home/aokilablinuxws/catkin_ws/devel/.private/torobo_msgs/include/torobo_msgs/MoveTeachingPointActionGoal.h, /home/aokilablinuxws/catkin_ws/devel/include/torobo_msgs/MoveTeachingPointActionGoal.h)
Linked: (/home/aokilablinuxws/catkin_ws/devel/.private/torobo_msgs/include/torobo_msgs/ClearTrajectory.h, /home/aokilablinuxws/catkin_ws/devel/include/torobo_msgs/ClearTrajectory.h)
Linked: (/home/aokilablinuxws/catkin_ws/devel/.private/torobo_msgs/include/torobo_msgs/ToroboDynamics.h, /home/aokilablinuxws/catkin_ws/devel/include/torobo_msgs/ToroboDynamics.h)
Linked: (/home/aokilablinuxws/catkin_ws/devel/.private/torobo_msgs/include/torobo_msgs/GetServoState.h, /home/aokilablinuxws/catkin_ws/devel/include/torobo_msgs/GetServoState.h)
Linked: (/home/aokilablinuxws/catkin_ws/devel/.private/torobo_msgs/include/torobo_msgs/GetTeachingTrajectoryNamesResponse.h, /home/aokilablinuxws/catkin_ws/devel/include/torobo_msgs/GetTeachingTrajectoryNamesResponse.h)
Linked: (/home/aokilablinuxws/catkin_ws/devel/.private/torobo_msgs/include/torobo_msgs/RecordTeachingTrajectoryRequest.h, /home/aokilablinuxws/catkin_ws/devel/include/torobo_msgs/RecordTeachingTrajectoryRequest.h)
Linked: (/home/aokilablinuxws/catkin_ws/devel/.private/torobo_msgs/include/torobo_msgs/ServoOffResponse.h, /home/aokilablinuxws/catkin_ws/devel/include/torobo_msgs/ServoOffResponse.h)
Linked: (/home/aokilablinuxws/catkin_ws/devel/.private/torobo_msgs/include/torobo_msgs/CollisionInfoRequest.h, /home/aokilablinuxws/catkin_ws/devel/include/torobo_msgs/CollisionInfoRequest.h)
Linked: (/home/aokilablinuxws/catkin_ws/devel/.private/torobo_msgs/include/torobo_msgs/RecordTeachingPointRequest.h, /home/aokilablinuxws/catkin_ws/devel/include/torobo_msgs/RecordTeachingPointRequest.h)
Linked: (/home/aokilablinuxws/catkin_ws/devel/.private/torobo_msgs/include/torobo_msgs/GetCollisionInfoRequest.h, /home/aokilablinuxws/catkin_ws/devel/include/torobo_msgs/GetCollisionInfoRequest.h)
Linked: (/home/aokilablinuxws/catkin_ws/devel/.private/torobo_msgs/include/torobo_msgs/GetTeachingPointNamesRequest.h, /home/aokilablinuxws/catkin_ws/devel/include/torobo_msgs/GetTeachingPointNamesRequest.h)
Linked: (/home/aokilablinuxws/catkin_ws/devel/.private/torobo_msgs/include/torobo_msgs/MoveTeachingPointAction.h, /home/aokilablinuxws/catkin_ws/devel/include/torobo_msgs/MoveTeachingPointAction.h)
Linked: (/home/aokilablinuxws/catkin_ws/devel/.private/torobo_msgs/include/torobo_msgs/RecordTeachingTrajectoryResponse.h, /home/aokilablinuxws/catkin_ws/devel/include/torobo_msgs/RecordTeachingTrajectoryResponse.h)
Linked: (/home/aokilablinuxws/catkin_ws/devel/.private/torobo_msgs/lib/pkgconfig/torobo_msgs.pc, /home/aokilablinuxws/catkin_ws/devel/lib/pkgconfig/torobo_msgs.pc)
Linked: (/home/aokilablinuxws/catkin_ws/devel/.private/torobo_msgs/lib/python2.7/dist-packages/torobo_msgs/__init__.py, /home/aokilablinuxws/catkin_ws/devel/lib/python2.7/dist-packages/torobo_msgs/__init__.py)
Linked: (/home/aokilablinuxws/catkin_ws/devel/.private/torobo_msgs/lib/python2.7/dist-packages/torobo_msgs/msg/_MoveHomePositionResult.py, /home/aokilablinuxws/catkin_ws/devel/lib/python2.7/dist-packages/torobo_msgs/msg/_MoveHomePositionResult.py)
Linked: (/home/aokilablinuxws/catkin_ws/devel/.private/torobo_msgs/lib/python2.7/dist-packages/torobo_msgs/msg/_ToroboCommand.py, /home/aokilablinuxws/catkin_ws/devel/lib/python2.7/dist-packages/torobo_msgs/msg/_ToroboCommand.py)
Linked: (/home/aokilablinuxws/catkin_ws/devel/.private/torobo_msgs/lib/python2.7/dist-packages/torobo_msgs/msg/_MoveTeachingPointAction.py, /home/aokilablinuxws/catkin_ws/devel/lib/python2.7/dist-packages/torobo_msgs/msg/_MoveTeachingPointAction.py)
Linked: (/home/aokilablinuxws/catkin_ws/devel/.private/torobo_msgs/lib/python2.7/dist-packages/torobo_msgs/msg/_MoveTeachingPointActionFeedback.py, /home/aokilablinuxws/catkin_ws/devel/lib/python2.7/dist-packages/torobo_msgs/msg/_MoveTeachingPointActionFeedback.py)
Linked: (/home/aokilablinuxws/catkin_ws/devel/.private/torobo_msgs/lib/python2.7/dist-packages/torobo_msgs/msg/_ControllData.py, /home/aokilablinuxws/catkin_ws/devel/lib/python2.7/dist-packages/torobo_msgs/msg/_ControllData.py)
Linked: (/home/aokilablinuxws/catkin_ws/devel/.private/torobo_msgs/lib/python2.7/dist-packages/torobo_msgs/msg/_MoveTeachingTrajectoryGoal.py, /home/aokilablinuxws/catkin_ws/devel/lib/python2.7/dist-packages/torobo_msgs/msg/_MoveTeachingTrajectoryGoal.py)
Linked: (/home/aokilablinuxws/catkin_ws/devel/.private/torobo_msgs/lib/python2.7/dist-packages/torobo_msgs/msg/_ToroboJointState.py, /home/aokilablinuxws/catkin_ws/devel/lib/python2.7/dist-packages/torobo_msgs/msg/_ToroboJointState.py)
Linked: (/home/aokilablinuxws/catkin_ws/devel/.private/torobo_msgs/lib/python2.7/dist-packages/torobo_msgs/msg/_CollisionInfoRequest.py, /home/aokilablinuxws/catkin_ws/devel/lib/python2.7/dist-packages/torobo_msgs/msg/_CollisionInfoRequest.py)
Linked: (/home/aokilablinuxws/catkin_ws/devel/.private/torobo_msgs/lib/python2.7/dist-packages/torobo_msgs/msg/_MoveHomePositionFeedback.py, /home/aokilablinuxws/catkin_ws/devel/lib/python2.7/dist-packages/torobo_msgs/msg/_MoveHomePositionFeedback.py)
Linked: (/home/aokilablinuxws/catkin_ws/devel/.private/torobo_msgs/lib/python2.7/dist-packages/torobo_msgs/msg/_MoveTeachingPointGoal.py, /home/aokilablinuxws/catkin_ws/devel/lib/python2.7/dist-packages/torobo_msgs/msg/_MoveTeachingPointGoal.py)
Linked: (/home/aokilablinuxws/catkin_ws/devel/.private/torobo_msgs/lib/python2.7/dist-packages/torobo_msgs/msg/_test_message.py, /home/aokilablinuxws/catkin_ws/devel/lib/python2.7/dist-packages/torobo_msgs/msg/_test_message.py)
Linked: (/home/aokilablinuxws/catkin_ws/devel/.private/torobo_msgs/lib/python2.7/dist-packages/torobo_msgs/msg/_MoveTeachingTrajectoryActionFeedback.py, /home/aokilablinuxws/catkin_ws/devel/lib/python2.7/dist-packages/torobo_msgs/msg/_MoveTeachingTrajectoryActionFeedback.py)
Linked: (/home/aokilablinuxws/catkin_ws/devel/.private/torobo_msgs/lib/python2.7/dist-packages/torobo_msgs/msg/_ToroboDynamics.py, /home/aokilablinuxws/catkin_ws/devel/lib/python2.7/dist-packages/torobo_msgs/msg/_ToroboDynamics.py)
Linked: (/home/aokilablinuxws/catkin_ws/devel/.private/torobo_msgs/lib/python2.7/dist-packages/torobo_msgs/msg/_MoveTeachingPointFeedback.py, /home/aokilablinuxws/catkin_ws/devel/lib/python2.7/dist-packages/torobo_msgs/msg/_MoveTeachingPointFeedback.py)
Linked: (/home/aokilablinuxws/catkin_ws/devel/.private/torobo_msgs/lib/python2.7/dist-packages/torobo_msgs/msg/_MoveHomePositionGoal.py, /home/aokilablinuxws/catkin_ws/devel/lib/python2.7/dist-packages/torobo_msgs/msg/_MoveHomePositionGoal.py)
Linked: (/home/aokilablinuxws/catkin_ws/devel/.private/torobo_msgs/lib/python2.7/dist-packages/torobo_msgs/msg/_CollisionInfoResponse.py, /home/aokilablinuxws/catkin_ws/devel/lib/python2.7/dist-packages/torobo_msgs/msg/_CollisionInfoResponse.py)
Linked: (/home/aokilablinuxws/catkin_ws/devel/.private/torobo_msgs/lib/python2.7/dist-packages/torobo_msgs/msg/_MoveHomePositionActionResult.py, /home/aokilablinuxws/catkin_ws/devel/lib/python2.7/dist-packages/torobo_msgs/msg/_MoveHomePositionActionResult.py)
Linked: (/home/aokilablinuxws/catkin_ws/devel/.private/torobo_msgs/lib/python2.7/dist-packages/torobo_msgs/msg/_MoveTeachingPointActionGoal.py, /home/aokilablinuxws/catkin_ws/devel/lib/python2.7/dist-packages/torobo_msgs/msg/_MoveTeachingPointActionGoal.py)
Linked: (/home/aokilablinuxws/catkin_ws/devel/.private/torobo_msgs/lib/python2.7/dist-packages/torobo_msgs/msg/_MoveHomePositionActionGoal.py, /home/aokilablinuxws/catkin_ws/devel/lib/python2.7/dist-packages/torobo_msgs/msg/_MoveHomePositionActionGoal.py)
Linked: (/home/aokilablinuxws/catkin_ws/devel/.private/torobo_msgs/lib/python2.7/dist-packages/torobo_msgs/msg/_MoveTeachingTrajectoryFeedback.py, /home/aokilablinuxws/catkin_ws/devel/lib/python2.7/dist-packages/torobo_msgs/msg/_MoveTeachingTrajectoryFeedback.py)
Linked: (/home/aokilablinuxws/catkin_ws/devel/.private/torobo_msgs/lib/python2.7/dist-packages/torobo_msgs/msg/_MoveTeachingTrajectoryActionResult.py, /home/aokilablinuxws/catkin_ws/devel/lib/python2.7/dist-packages/torobo_msgs/msg/_MoveTeachingTrajectoryActionResult.py)
Linked: (/home/aokilablinuxws/catkin_ws/devel/.private/torobo_msgs/lib/python2.7/dist-packages/torobo_msgs/msg/_MoveTeachingPointActionResult.py, /home/aokilablinuxws/catkin_ws/devel/lib/python2.7/dist-packages/torobo_msgs/msg/_MoveTeachingPointActionResult.py)
Linked: (/home/aokilablinuxws/catkin_ws/devel/.private/torobo_msgs/lib/python2.7/dist-packages/torobo_msgs/msg/_MoveTeachingTrajectoryAction.py, /home/aokilablinuxws/catkin_ws/devel/lib/python2.7/dist-packages/torobo_msgs/msg/_MoveTeachingTrajectoryAction.py)
Linked: (/home/aokilablinuxws/catkin_ws/devel/.private/torobo_msgs/lib/python2.7/dist-packages/torobo_msgs/msg/_MoveHomePositionActionFeedback.py, /home/aokilablinuxws/catkin_ws/devel/lib/python2.7/dist-packages/torobo_msgs/msg/_MoveHomePositionActionFeedback.py)
Linked: (/home/aokilablinuxws/catkin_ws/devel/.private/torobo_msgs/lib/python2.7/dist-packages/torobo_msgs/msg/_CalculateData.py, /home/aokilablinuxws/catkin_ws/devel/lib/python2.7/dist-packages/torobo_msgs/msg/_CalculateData.py)
Linked: (/home/aokilablinuxws/catkin_ws/devel/.private/torobo_msgs/lib/python2.7/dist-packages/torobo_msgs/msg/_MoveTeachingTrajectoryResult.py, /home/aokilablinuxws/catkin_ws/devel/lib/python2.7/dist-packages/torobo_msgs/msg/_MoveTeachingTrajectoryResult.py)
Linked: (/home/aokilablinuxws/catkin_ws/devel/.private/torobo_msgs/lib/python2.7/dist-packages/torobo_msgs/msg/__init__.py, /home/aokilablinuxws/catkin_ws/devel/lib/python2.7/dist-packages/torobo_msgs/msg/__init__.py)
Linked: (/home/aokilablinuxws/catkin_ws/devel/.private/torobo_msgs/lib/python2.7/dist-packages/torobo_msgs/msg/_MoveTeachingTrajectoryActionGoal.py, /home/aokilablinuxws/catkin_ws/devel/lib/python2.7/dist-packages/torobo_msgs/msg/_MoveTeachingTrajectoryActionGoal.py)
Linked: (/home/aokilablinuxws/catkin_ws/devel/.private/torobo_msgs/lib/python2.7/dist-packages/torobo_msgs/msg/_MoveTeachingPointResult.py, /home/aokilablinuxws/catkin_ws/devel/lib/python2.7/dist-packages/torobo_msgs/msg/_MoveTeachingPointResult.py)
Linked: (/home/aokilablinuxws/catkin_ws/devel/.private/torobo_msgs/lib/python2.7/dist-packages/torobo_msgs/msg/_MoveHomePositionAction.py, /home/aokilablinuxws/catkin_ws/devel/lib/python2.7/dist-packages/torobo_msgs/msg/_MoveHomePositionAction.py)
Linked: (/home/aokilablinuxws/catkin_ws/devel/.private/torobo_msgs/lib/python2.7/dist-packages/torobo_msgs/srv/_GetTeachingTrajectoryNames.py, /home/aokilablinuxws/catkin_ws/devel/lib/python2.7/dist-packages/torobo_msgs/srv/_GetTeachingTrajectoryNames.py)
Linked: (/home/aokilablinuxws/catkin_ws/devel/.private/torobo_msgs/lib/python2.7/dist-packages/torobo_msgs/srv/_SetGeneralOutputRegister.py, /home/aokilablinuxws/catkin_ws/devel/lib/python2.7/dist-packages/torobo_msgs/srv/_SetGeneralOutputRegister.py)
Linked: (/home/aokilablinuxws/catkin_ws/devel/.private/torobo_msgs/lib/python2.7/dist-packages/torobo_msgs/srv/_GetTeachingPoint.py, /home/aokilablinuxws/catkin_ws/devel/lib/python2.7/dist-packages/torobo_msgs/srv/_GetTeachingPoint.py)
Linked: (/home/aokilablinuxws/catkin_ws/devel/.private/torobo_msgs/lib/python2.7/dist-packages/torobo_msgs/srv/_GetTeachingTrajectory.py, /home/aokilablinuxws/catkin_ws/devel/lib/python2.7/dist-packages/torobo_msgs/srv/_GetTeachingTrajectory.py)
Linked: (/home/aokilablinuxws/catkin_ws/devel/.private/torobo_msgs/lib/python2.7/dist-packages/torobo_msgs/srv/_GetCollisionInfo.py, /home/aokilablinuxws/catkin_ws/devel/lib/python2.7/dist-packages/torobo_msgs/srv/_GetCollisionInfo.py)
Linked: (/home/aokilablinuxws/catkin_ws/devel/.private/torobo_msgs/lib/python2.7/dist-packages/torobo_msgs/srv/_GetTeachingPointNames.py, /home/aokilablinuxws/catkin_ws/devel/lib/python2.7/dist-packages/torobo_msgs/srv/_GetTeachingPointNames.py)
Linked: (/home/aokilablinuxws/catkin_ws/devel/.private/torobo_msgs/lib/python2.7/dist-packages/torobo_msgs/srv/_GetJointState.py, /home/aokilablinuxws/catkin_ws/devel/lib/python2.7/dist-packages/torobo_msgs/srv/_GetJointState.py)
Linked: (/home/aokilablinuxws/catkin_ws/devel/.private/torobo_msgs/lib/python2.7/dist-packages/torobo_msgs/srv/_SetControlMode.py, /home/aokilablinuxws/catkin_ws/devel/lib/python2.7/dist-packages/torobo_msgs/srv/_SetControlMode.py)
Linked: (/home/aokilablinuxws/catkin_ws/devel/.private/torobo_msgs/lib/python2.7/dist-packages/torobo_msgs/srv/_SetZeroEffort.py, /home/aokilablinuxws/catkin_ws/devel/lib/python2.7/dist-packages/torobo_msgs/srv/_SetZeroEffort.py)
Linked: (/home/aokilablinuxws/catkin_ws/devel/.private/torobo_msgs/lib/python2.7/dist-packages/torobo_msgs/srv/_RecordTeachingTrajectory.py, /home/aokilablinuxws/catkin_ws/devel/lib/python2.7/dist-packages/torobo_msgs/srv/_RecordTeachingTrajectory.py)
Linked: (/home/aokilablinuxws/catkin_ws/devel/.private/torobo_msgs/lib/python2.7/dist-packages/torobo_msgs/srv/_ServoOn.py, /home/aokilablinuxws/catkin_ws/devel/lib/python2.7/dist-packages/torobo_msgs/srv/_ServoOn.py)
Linked: (/home/aokilablinuxws/catkin_ws/devel/.private/torobo_msgs/lib/python2.7/dist-packages/torobo_msgs/srv/_SendCommonCommand.py, /home/aokilablinuxws/catkin_ws/devel/lib/python2.7/dist-packages/torobo_msgs/srv/_SendCommonCommand.py)
Linked: (/home/aokilablinuxws/catkin_ws/devel/.private/torobo_msgs/lib/python2.7/dist-packages/torobo_msgs/srv/_SetRobotControllerParameter.py, /home/aokilablinuxws/catkin_ws/devel/lib/python2.7/dist-packages/torobo_msgs/srv/_SetRobotControllerParameter.py)
Linked: (/home/aokilablinuxws/catkin_ws/devel/.private/torobo_msgs/lib/python2.7/dist-packages/torobo_msgs/srv/_CheckCollision.py, /home/aokilablinuxws/catkin_ws/devel/lib/python2.7/dist-packages/torobo_msgs/srv/_CheckCollision.py)
Linked: (/home/aokilablinuxws/catkin_ws/devel/.private/torobo_msgs/lib/python2.7/dist-packages/torobo_msgs/srv/_GetToroboJointState.py, /home/aokilablinuxws/catkin_ws/devel/lib/python2.7/dist-packages/torobo_msgs/srv/_GetToroboJointState.py)
Linked: (/home/aokilablinuxws/catkin_ws/devel/.private/torobo_msgs/lib/python2.7/dist-packages/torobo_msgs/srv/_ErrorReset.py, /home/aokilablinuxws/catkin_ws/devel/lib/python2.7/dist-packages/torobo_msgs/srv/_ErrorReset.py)
Linked: (/home/aokilablinuxws/catkin_ws/devel/.private/torobo_msgs/lib/python2.7/dist-packages/torobo_msgs/srv/_SetPayloadParam.py, /home/aokilablinuxws/catkin_ws/devel/lib/python2.7/dist-packages/torobo_msgs/srv/_SetPayloadParam.py)
Linked: (/home/aokilablinuxws/catkin_ws/devel/.private/torobo_msgs/lib/python2.7/dist-packages/torobo_msgs/srv/_RecordTeachingPoint.py, /home/aokilablinuxws/catkin_ws/devel/lib/python2.7/dist-packages/torobo_msgs/srv/_RecordTeachingPoint.py)
Linked: (/home/aokilablinuxws/catkin_ws/devel/.private/torobo_msgs/lib/python2.7/dist-packages/torobo_msgs/srv/_DeleteTeachingPoint.py, /home/aokilablinuxws/catkin_ws/devel/lib/python2.7/dist-packages/torobo_msgs/srv/_DeleteTeachingPoint.py)
Linked: (/home/aokilablinuxws/catkin_ws/devel/.private/torobo_msgs/lib/python2.7/dist-packages/torobo_msgs/srv/_ServoOff.py, /home/aokilablinuxws/catkin_ws/devel/lib/python2.7/dist-packages/torobo_msgs/srv/_ServoOff.py)
Linked: (/home/aokilablinuxws/catkin_ws/devel/.private/torobo_msgs/lib/python2.7/dist-packages/torobo_msgs/srv/_ClearTrajectory.py, /home/aokilablinuxws/catkin_ws/devel/lib/python2.7/dist-packages/torobo_msgs/srv/_ClearTrajectory.py)
Linked: (/home/aokilablinuxws/catkin_ws/devel/.private/torobo_msgs/lib/python2.7/dist-packages/torobo_msgs/srv/_CancelTrajectory.py, /home/aokilablinuxws/catkin_ws/devel/lib/python2.7/dist-packages/torobo_msgs/srv/_CancelTrajectory.py)
Linked: (/home/aokilablinuxws/catkin_ws/devel/.private/torobo_msgs/lib/python2.7/dist-packages/torobo_msgs/srv/__init__.py, /home/aokilablinuxws/catkin_ws/devel/lib/python2.7/dist-packages/torobo_msgs/srv/__init__.py)
Linked: (/home/aokilablinuxws/catkin_ws/devel/.private/torobo_msgs/lib/python2.7/dist-packages/torobo_msgs/srv/_BrakeOn.py, /home/aokilablinuxws/catkin_ws/devel/lib/python2.7/dist-packages/torobo_msgs/srv/_BrakeOn.py)
Linked: (/home/aokilablinuxws/catkin_ws/devel/.private/torobo_msgs/lib/python2.7/dist-packages/torobo_msgs/srv/_GetServoState.py, /home/aokilablinuxws/catkin_ws/devel/lib/python2.7/dist-packages/torobo_msgs/srv/_GetServoState.py)
Linked: (/home/aokilablinuxws/catkin_ws/devel/.private/torobo_msgs/lib/python2.7/dist-packages/torobo_msgs/srv/_DeleteTeachingTrajectory.py, /home/aokilablinuxws/catkin_ws/devel/lib/python2.7/dist-packages/torobo_msgs/srv/_DeleteTeachingTrajectory.py)
Linked: (/home/aokilablinuxws/catkin_ws/devel/.private/torobo_msgs/lib/python2.7/dist-packages/torobo_msgs/srv/_BrakeOff.py, /home/aokilablinuxws/catkin_ws/devel/lib/python2.7/dist-packages/torobo_msgs/srv/_BrakeOff.py)
Linked: (/home/aokilablinuxws/catkin_ws/devel/.private/torobo_msgs/share/roseus/ros/torobo_msgs/manifest.l, /home/aokilablinuxws/catkin_ws/devel/share/roseus/ros/torobo_msgs/manifest.l)
Linked: (/home/aokilablinuxws/catkin_ws/devel/.private/torobo_msgs/share/roseus/ros/torobo_msgs/msg/ToroboDynamics.l, /home/aokilablinuxws/catkin_ws/devel/share/roseus/ros/torobo_msgs/msg/ToroboDynamics.l)
Linked: (/home/aokilablinuxws/catkin_ws/devel/.private/torobo_msgs/share/roseus/ros/torobo_msgs/msg/MoveHomePositionAction.l, /home/aokilablinuxws/catkin_ws/devel/share/roseus/ros/torobo_msgs/msg/MoveHomePositionAction.l)
Linked: (/home/aokilablinuxws/catkin_ws/devel/.private/torobo_msgs/share/roseus/ros/torobo_msgs/msg/MoveTeachingTrajectoryFeedback.l, /home/aokilablinuxws/catkin_ws/devel/share/roseus/ros/torobo_msgs/msg/MoveTeachingTrajectoryFeedback.l)
Linked: (/home/aokilablinuxws/catkin_ws/devel/.private/torobo_msgs/share/roseus/ros/torobo_msgs/msg/ControllData.l, /home/aokilablinuxws/catkin_ws/devel/share/roseus/ros/torobo_msgs/msg/ControllData.l)
Linked: (/home/aokilablinuxws/catkin_ws/devel/.private/torobo_msgs/share/roseus/ros/torobo_msgs/msg/MoveTeachingTrajectoryActionFeedback.l, /home/aokilablinuxws/catkin_ws/devel/share/roseus/ros/torobo_msgs/msg/MoveTeachingTrajectoryActionFeedback.l)
Linked: (/home/aokilablinuxws/catkin_ws/devel/.private/torobo_msgs/share/roseus/ros/torobo_msgs/msg/MoveTeachingPointAction.l, /home/aokilablinuxws/catkin_ws/devel/share/roseus/ros/torobo_msgs/msg/MoveTeachingPointAction.l)
Linked: (/home/aokilablinuxws/catkin_ws/devel/.private/torobo_msgs/share/roseus/ros/torobo_msgs/msg/ToroboJointState.l, /home/aokilablinuxws/catkin_ws/devel/share/roseus/ros/torobo_msgs/msg/ToroboJointState.l)
Linked: (/home/aokilablinuxws/catkin_ws/devel/.private/torobo_msgs/share/roseus/ros/torobo_msgs/msg/MoveTeachingPointActionFeedback.l, /home/aokilablinuxws/catkin_ws/devel/share/roseus/ros/torobo_msgs/msg/MoveTeachingPointActionFeedback.l)
Linked: (/home/aokilablinuxws/catkin_ws/devel/.private/torobo_msgs/share/roseus/ros/torobo_msgs/msg/MoveHomePositionActionFeedback.l, /home/aokilablinuxws/catkin_ws/devel/share/roseus/ros/torobo_msgs/msg/MoveHomePositionActionFeedback.l)
Linked: (/home/aokilablinuxws/catkin_ws/devel/.private/torobo_msgs/share/roseus/ros/torobo_msgs/msg/MoveTeachingTrajectoryActionGoal.l, /home/aokilablinuxws/catkin_ws/devel/share/roseus/ros/torobo_msgs/msg/MoveTeachingTrajectoryActionGoal.l)
Linked: (/home/aokilablinuxws/catkin_ws/devel/.private/torobo_msgs/share/roseus/ros/torobo_msgs/msg/MoveHomePositionGoal.l, /home/aokilablinuxws/catkin_ws/devel/share/roseus/ros/torobo_msgs/msg/MoveHomePositionGoal.l)
Linked: (/home/aokilablinuxws/catkin_ws/devel/.private/torobo_msgs/share/roseus/ros/torobo_msgs/msg/ToroboCommand.l, /home/aokilablinuxws/catkin_ws/devel/share/roseus/ros/torobo_msgs/msg/ToroboCommand.l)
Linked: (/home/aokilablinuxws/catkin_ws/devel/.private/torobo_msgs/share/roseus/ros/torobo_msgs/msg/MoveTeachingPointActionResult.l, /home/aokilablinuxws/catkin_ws/devel/share/roseus/ros/torobo_msgs/msg/MoveTeachingPointActionResult.l)
Linked: (/home/aokilablinuxws/catkin_ws/devel/.private/torobo_msgs/share/roseus/ros/torobo_msgs/msg/CollisionInfoRequest.l, /home/aokilablinuxws/catkin_ws/devel/share/roseus/ros/torobo_msgs/msg/CollisionInfoRequest.l)
Linked: (/home/aokilablinuxws/catkin_ws/devel/.private/torobo_msgs/share/roseus/ros/torobo_msgs/msg/MoveTeachingPointFeedback.l, /home/aokilablinuxws/catkin_ws/devel/share/roseus/ros/torobo_msgs/msg/MoveTeachingPointFeedback.l)
Linked: (/home/aokilablinuxws/catkin_ws/devel/.private/torobo_msgs/share/roseus/ros/torobo_msgs/msg/test_message.l, /home/aokilablinuxws/catkin_ws/devel/share/roseus/ros/torobo_msgs/msg/test_message.l)
Linked: (/home/aokilablinuxws/catkin_ws/devel/.private/torobo_msgs/share/roseus/ros/torobo_msgs/msg/MoveHomePositionResult.l, /home/aokilablinuxws/catkin_ws/devel/share/roseus/ros/torobo_msgs/msg/MoveHomePositionResult.l)
Linked: (/home/aokilablinuxws/catkin_ws/devel/.private/torobo_msgs/share/roseus/ros/torobo_msgs/msg/MoveTeachingPointActionGoal.l, /home/aokilablinuxws/catkin_ws/devel/share/roseus/ros/torobo_msgs/msg/MoveTeachingPointActionGoal.l)
Linked: (/home/aokilablinuxws/catkin_ws/devel/.private/torobo_msgs/share/roseus/ros/torobo_msgs/msg/MoveTeachingPointGoal.l, /home/aokilablinuxws/catkin_ws/devel/share/roseus/ros/torobo_msgs/msg/MoveTeachingPointGoal.l)
Linked: (/home/aokilablinuxws/catkin_ws/devel/.private/torobo_msgs/share/roseus/ros/torobo_msgs/msg/MoveTeachingTrajectoryGoal.l, /home/aokilablinuxws/catkin_ws/devel/share/roseus/ros/torobo_msgs/msg/MoveTeachingTrajectoryGoal.l)
Linked: (/home/aokilablinuxws/catkin_ws/devel/.private/torobo_msgs/share/roseus/ros/torobo_msgs/msg/MoveTeachingPointResult.l, /home/aokilablinuxws/catkin_ws/devel/share/roseus/ros/torobo_msgs/msg/MoveTeachingPointResult.l)
Linked: (/home/aokilablinuxws/catkin_ws/devel/.private/torobo_msgs/share/roseus/ros/torobo_msgs/msg/MoveHomePositionActionGoal.l, /home/aokilablinuxws/catkin_ws/devel/share/roseus/ros/torobo_msgs/msg/MoveHomePositionActionGoal.l)
Linked: (/home/aokilablinuxws/catkin_ws/devel/.private/torobo_msgs/share/roseus/ros/torobo_msgs/msg/CollisionInfoResponse.l, /home/aokilablinuxws/catkin_ws/devel/share/roseus/ros/torobo_msgs/msg/CollisionInfoResponse.l)
Linked: (/home/aokilablinuxws/catkin_ws/devel/.private/torobo_msgs/share/roseus/ros/torobo_msgs/msg/CalculateData.l, /home/aokilablinuxws/catkin_ws/devel/share/roseus/ros/torobo_msgs/msg/CalculateData.l)
Linked: (/home/aokilablinuxws/catkin_ws/devel/.private/torobo_msgs/share/roseus/ros/torobo_msgs/msg/MoveTeachingTrajectoryAction.l, /home/aokilablinuxws/catkin_ws/devel/share/roseus/ros/torobo_msgs/msg/MoveTeachingTrajectoryAction.l)
Linked: (/home/aokilablinuxws/catkin_ws/devel/.private/torobo_msgs/share/roseus/ros/torobo_msgs/msg/MoveHomePositionActionResult.l, /home/aokilablinuxws/catkin_ws/devel/share/roseus/ros/torobo_msgs/msg/MoveHomePositionActionResult.l)
Linked: (/home/aokilablinuxws/catkin_ws/devel/.private/torobo_msgs/share/roseus/ros/torobo_msgs/msg/MoveHomePositionFeedback.l, /home/aokilablinuxws/catkin_ws/devel/share/roseus/ros/torobo_msgs/msg/MoveHomePositionFeedback.l)
Linked: (/home/aokilablinuxws/catkin_ws/devel/.private/torobo_msgs/share/roseus/ros/torobo_msgs/msg/MoveTeachingTrajectoryResult.l, /home/aokilablinuxws/catkin_ws/devel/share/roseus/ros/torobo_msgs/msg/MoveTeachingTrajectoryResult.l)
Linked: (/home/aokilablinuxws/catkin_ws/devel/.private/torobo_msgs/share/roseus/ros/torobo_msgs/msg/MoveTeachingTrajectoryActionResult.l, /home/aokilablinuxws/catkin_ws/devel/share/roseus/ros/torobo_msgs/msg/MoveTeachingTrajectoryActionResult.l)
Linked: (/home/aokilablinuxws/catkin_ws/devel/.private/torobo_msgs/share/roseus/ros/torobo_msgs/srv/SetPayloadParam.l, /home/aokilablinuxws/catkin_ws/devel/share/roseus/ros/torobo_msgs/srv/SetPayloadParam.l)
Linked: (/home/aokilablinuxws/catkin_ws/devel/.private/torobo_msgs/share/roseus/ros/torobo_msgs/srv/SetZeroEffort.l, /home/aokilablinuxws/catkin_ws/devel/share/roseus/ros/torobo_msgs/srv/SetZeroEffort.l)
Linked: (/home/aokilablinuxws/catkin_ws/devel/.private/torobo_msgs/share/roseus/ros/torobo_msgs/srv/RecordTeachingTrajectory.l, /home/aokilablinuxws/catkin_ws/devel/share/roseus/ros/torobo_msgs/srv/RecordTeachingTrajectory.l)
Linked: (/home/aokilablinuxws/catkin_ws/devel/.private/torobo_msgs/share/roseus/ros/torobo_msgs/srv/GetTeachingPoint.l, /home/aokilablinuxws/catkin_ws/devel/share/roseus/ros/torobo_msgs/srv/GetTeachingPoint.l)
Linked: (/home/aokilablinuxws/catkin_ws/devel/.private/torobo_msgs/share/roseus/ros/torobo_msgs/srv/DeleteTeachingTrajectory.l, /home/aokilablinuxws/catkin_ws/devel/share/roseus/ros/torobo_msgs/srv/DeleteTeachingTrajectory.l)
Linked: (/home/aokilablinuxws/catkin_ws/devel/.private/torobo_msgs/share/roseus/ros/torobo_msgs/srv/CheckCollision.l, /home/aokilablinuxws/catkin_ws/devel/share/roseus/ros/torobo_msgs/srv/CheckCollision.l)
Linked: (/home/aokilablinuxws/catkin_ws/devel/.private/torobo_msgs/share/roseus/ros/torobo_msgs/srv/ClearTrajectory.l, /home/aokilablinuxws/catkin_ws/devel/share/roseus/ros/torobo_msgs/srv/ClearTrajectory.l)
Linked: (/home/aokilablinuxws/catkin_ws/devel/.private/torobo_msgs/share/roseus/ros/torobo_msgs/srv/ErrorReset.l, /home/aokilablinuxws/catkin_ws/devel/share/roseus/ros/torobo_msgs/srv/ErrorReset.l)
Linked: (/home/aokilablinuxws/catkin_ws/devel/.private/torobo_msgs/share/roseus/ros/torobo_msgs/srv/DeleteTeachingPoint.l, /home/aokilablinuxws/catkin_ws/devel/share/roseus/ros/torobo_msgs/srv/DeleteTeachingPoint.l)
Linked: (/home/aokilablinuxws/catkin_ws/devel/.private/torobo_msgs/share/roseus/ros/torobo_msgs/srv/GetTeachingPointNames.l, /home/aokilablinuxws/catkin_ws/devel/share/roseus/ros/torobo_msgs/srv/GetTeachingPointNames.l)
Linked: (/home/aokilablinuxws/catkin_ws/devel/.private/torobo_msgs/share/roseus/ros/torobo_msgs/srv/SetGeneralOutputRegister.l, /home/aokilablinuxws/catkin_ws/devel/share/roseus/ros/torobo_msgs/srv/SetGeneralOutputRegister.l)
Linked: (/home/aokilablinuxws/catkin_ws/devel/.private/torobo_msgs/share/roseus/ros/torobo_msgs/srv/RecordTeachingPoint.l, /home/aokilablinuxws/catkin_ws/devel/share/roseus/ros/torobo_msgs/srv/RecordTeachingPoint.l)
Linked: (/home/aokilablinuxws/catkin_ws/devel/.private/torobo_msgs/share/roseus/ros/torobo_msgs/srv/GetServoState.l, /home/aokilablinuxws/catkin_ws/devel/share/roseus/ros/torobo_msgs/srv/GetServoState.l)
Linked: (/home/aokilablinuxws/catkin_ws/devel/.private/torobo_msgs/share/roseus/ros/torobo_msgs/srv/GetToroboJointState.l, /home/aokilablinuxws/catkin_ws/devel/share/roseus/ros/torobo_msgs/srv/GetToroboJointState.l)
Linked: (/home/aokilablinuxws/catkin_ws/devel/.private/torobo_msgs/share/roseus/ros/torobo_msgs/srv/ServoOn.l, /home/aokilablinuxws/catkin_ws/devel/share/roseus/ros/torobo_msgs/srv/ServoOn.l)
Linked: (/home/aokilablinuxws/catkin_ws/devel/.private/torobo_msgs/share/roseus/ros/torobo_msgs/srv/GetTeachingTrajectory.l, /home/aokilablinuxws/catkin_ws/devel/share/roseus/ros/torobo_msgs/srv/GetTeachingTrajectory.l)
Linked: (/home/aokilablinuxws/catkin_ws/devel/.private/torobo_msgs/share/roseus/ros/torobo_msgs/srv/SendCommonCommand.l, /home/aokilablinuxws/catkin_ws/devel/share/roseus/ros/torobo_msgs/srv/SendCommonCommand.l)
Linked: (/home/aokilablinuxws/catkin_ws/devel/.private/torobo_msgs/share/roseus/ros/torobo_msgs/srv/GetCollisionInfo.l, /home/aokilablinuxws/catkin_ws/devel/share/roseus/ros/torobo_msgs/srv/GetCollisionInfo.l)
Linked: (/home/aokilablinuxws/catkin_ws/devel/.private/torobo_msgs/share/roseus/ros/torobo_msgs/srv/ServoOff.l, /home/aokilablinuxws/catkin_ws/devel/share/roseus/ros/torobo_msgs/srv/ServoOff.l)
Linked: (/home/aokilablinuxws/catkin_ws/devel/.private/torobo_msgs/share/roseus/ros/torobo_msgs/srv/GetJointState.l, /home/aokilablinuxws/catkin_ws/devel/share/roseus/ros/torobo_msgs/srv/GetJointState.l)
Linked: (/home/aokilablinuxws/catkin_ws/devel/.private/torobo_msgs/share/roseus/ros/torobo_msgs/srv/SetRobotControllerParameter.l, /home/aokilablinuxws/catkin_ws/devel/share/roseus/ros/torobo_msgs/srv/SetRobotControllerParameter.l)
Linked: (/home/aokilablinuxws/catkin_ws/devel/.private/torobo_msgs/share/roseus/ros/torobo_msgs/srv/BrakeOn.l, /home/aokilablinuxws/catkin_ws/devel/share/roseus/ros/torobo_msgs/srv/BrakeOn.l)
Linked: (/home/aokilablinuxws/catkin_ws/devel/.private/torobo_msgs/share/roseus/ros/torobo_msgs/srv/SetControlMode.l, /home/aokilablinuxws/catkin_ws/devel/share/roseus/ros/torobo_msgs/srv/SetControlMode.l)
Linked: (/home/aokilablinuxws/catkin_ws/devel/.private/torobo_msgs/share/roseus/ros/torobo_msgs/srv/GetTeachingTrajectoryNames.l, /home/aokilablinuxws/catkin_ws/devel/share/roseus/ros/torobo_msgs/srv/GetTeachingTrajectoryNames.l)
Linked: (/home/aokilablinuxws/catkin_ws/devel/.private/torobo_msgs/share/roseus/ros/torobo_msgs/srv/BrakeOff.l, /home/aokilablinuxws/catkin_ws/devel/share/roseus/ros/torobo_msgs/srv/BrakeOff.l)
Linked: (/home/aokilablinuxws/catkin_ws/devel/.private/torobo_msgs/share/roseus/ros/torobo_msgs/srv/CancelTrajectory.l, /home/aokilablinuxws/catkin_ws/devel/share/roseus/ros/torobo_msgs/srv/CancelTrajectory.l)
Linked: (/home/aokilablinuxws/catkin_ws/devel/.private/torobo_msgs/share/gennodejs/ros/torobo_msgs/_index.js, /home/aokilablinuxws/catkin_ws/devel/share/gennodejs/ros/torobo_msgs/_index.js)
Linked: (/home/aokilablinuxws/catkin_ws/devel/.private/torobo_msgs/share/gennodejs/ros/torobo_msgs/msg/MoveHomePositionResult.js, /home/aokilablinuxws/catkin_ws/devel/share/gennodejs/ros/torobo_msgs/msg/MoveHomePositionResult.js)
Linked: (/home/aokilablinuxws/catkin_ws/devel/.private/torobo_msgs/share/gennodejs/ros/torobo_msgs/msg/MoveTeachingTrajectoryFeedback.js, /home/aokilablinuxws/catkin_ws/devel/share/gennodejs/ros/torobo_msgs/msg/MoveTeachingTrajectoryFeedback.js)
Linked: (/home/aokilablinuxws/catkin_ws/devel/.private/torobo_msgs/share/gennodejs/ros/torobo_msgs/msg/MoveHomePositionActionResult.js, /home/aokilablinuxws/catkin_ws/devel/share/gennodejs/ros/torobo_msgs/msg/MoveHomePositionActionResult.js)
Linked: (/home/aokilablinuxws/catkin_ws/devel/.private/torobo_msgs/share/gennodejs/ros/torobo_msgs/msg/ToroboDynamics.js, /home/aokilablinuxws/catkin_ws/devel/share/gennodejs/ros/torobo_msgs/msg/ToroboDynamics.js)
Linked: (/home/aokilablinuxws/catkin_ws/devel/.private/torobo_msgs/share/gennodejs/ros/torobo_msgs/msg/MoveHomePositionGoal.js, /home/aokilablinuxws/catkin_ws/devel/share/gennodejs/ros/torobo_msgs/msg/MoveHomePositionGoal.js)
Linked: (/home/aokilablinuxws/catkin_ws/devel/.private/torobo_msgs/share/gennodejs/ros/torobo_msgs/msg/MoveTeachingTrajectoryResult.js, /home/aokilablinuxws/catkin_ws/devel/share/gennodejs/ros/torobo_msgs/msg/MoveTeachingTrajectoryResult.js)
Linked: (/home/aokilablinuxws/catkin_ws/devel/.private/torobo_msgs/share/gennodejs/ros/torobo_msgs/msg/MoveHomePositionActionFeedback.js, /home/aokilablinuxws/catkin_ws/devel/share/gennodejs/ros/torobo_msgs/msg/MoveHomePositionActionFeedback.js)
Linked: (/home/aokilablinuxws/catkin_ws/devel/.private/torobo_msgs/share/gennodejs/ros/torobo_msgs/msg/CalculateData.js, /home/aokilablinuxws/catkin_ws/devel/share/gennodejs/ros/torobo_msgs/msg/CalculateData.js)
Linked: (/home/aokilablinuxws/catkin_ws/devel/.private/torobo_msgs/share/gennodejs/ros/torobo_msgs/msg/MoveTeachingPointActionFeedback.js, /home/aokilablinuxws/catkin_ws/devel/share/gennodejs/ros/torobo_msgs/msg/MoveTeachingPointActionFeedback.js)
Linked: (/home/aokilablinuxws/catkin_ws/devel/.private/torobo_msgs/share/gennodejs/ros/torobo_msgs/msg/MoveTeachingPointResult.js, /home/aokilablinuxws/catkin_ws/devel/share/gennodejs/ros/torobo_msgs/msg/MoveTeachingPointResult.js)
Linked: (/home/aokilablinuxws/catkin_ws/devel/.private/torobo_msgs/share/gennodejs/ros/torobo_msgs/msg/MoveTeachingPointAction.js, /home/aokilablinuxws/catkin_ws/devel/share/gennodejs/ros/torobo_msgs/msg/MoveTeachingPointAction.js)
Linked: (/home/aokilablinuxws/catkin_ws/devel/.private/torobo_msgs/share/gennodejs/ros/torobo_msgs/msg/MoveTeachingPointActionResult.js, /home/aokilablinuxws/catkin_ws/devel/share/gennodejs/ros/torobo_msgs/msg/MoveTeachingPointActionResult.js)
Linked: (/home/aokilablinuxws/catkin_ws/devel/.private/torobo_msgs/share/gennodejs/ros/torobo_msgs/msg/MoveTeachingTrajectoryActionResult.js, /home/aokilablinuxws/catkin_ws/devel/share/gennodejs/ros/torobo_msgs/msg/MoveTeachingTrajectoryActionResult.js)
Linked: (/home/aokilablinuxws/catkin_ws/devel/.private/torobo_msgs/share/gennodejs/ros/torobo_msgs/msg/MoveTeachingPointActionGoal.js, /home/aokilablinuxws/catkin_ws/devel/share/gennodejs/ros/torobo_msgs/msg/MoveTeachingPointActionGoal.js)
Linked: (/home/aokilablinuxws/catkin_ws/devel/.private/torobo_msgs/share/gennodejs/ros/torobo_msgs/msg/ControllData.js, /home/aokilablinuxws/catkin_ws/devel/share/gennodejs/ros/torobo_msgs/msg/ControllData.js)
Linked: (/home/aokilablinuxws/catkin_ws/devel/.private/torobo_msgs/share/gennodejs/ros/torobo_msgs/msg/MoveTeachingTrajectoryActionFeedback.js, /home/aokilablinuxws/catkin_ws/devel/share/gennodejs/ros/torobo_msgs/msg/MoveTeachingTrajectoryActionFeedback.js)
Linked: (/home/aokilablinuxws/catkin_ws/devel/.private/torobo_msgs/share/gennodejs/ros/torobo_msgs/msg/MoveHomePositionActionGoal.js, /home/aokilablinuxws/catkin_ws/devel/share/gennodejs/ros/torobo_msgs/msg/MoveHomePositionActionGoal.js)
Linked: (/home/aokilablinuxws/catkin_ws/devel/.private/torobo_msgs/share/gennodejs/ros/torobo_msgs/msg/MoveTeachingPointGoal.js, /home/aokilablinuxws/catkin_ws/devel/share/gennodejs/ros/torobo_msgs/msg/MoveTeachingPointGoal.js)
Linked: (/home/aokilablinuxws/catkin_ws/devel/.private/torobo_msgs/share/gennodejs/ros/torobo_msgs/msg/MoveTeachingTrajectoryGoal.js, /home/aokilablinuxws/catkin_ws/devel/share/gennodejs/ros/torobo_msgs/msg/MoveTeachingTrajectoryGoal.js)
Linked: (/home/aokilablinuxws/catkin_ws/devel/.private/torobo_msgs/share/gennodejs/ros/torobo_msgs/msg/ToroboCommand.js, /home/aokilablinuxws/catkin_ws/devel/share/gennodejs/ros/torobo_msgs/msg/ToroboCommand.js)
Linked: (/home/aokilablinuxws/catkin_ws/devel/.private/torobo_msgs/share/gennodejs/ros/torobo_msgs/msg/MoveHomePositionFeedback.js, /home/aokilablinuxws/catkin_ws/devel/share/gennodejs/ros/torobo_msgs/msg/MoveHomePositionFeedback.js)
Linked: (/home/aokilablinuxws/catkin_ws/devel/.private/torobo_msgs/share/gennodejs/ros/torobo_msgs/msg/ToroboJointState.js, /home/aokilablinuxws/catkin_ws/devel/share/gennodejs/ros/torobo_msgs/msg/ToroboJointState.js)
Linked: (/home/aokilablinuxws/catkin_ws/devel/.private/torobo_msgs/share/gennodejs/ros/torobo_msgs/msg/CollisionInfoRequest.js, /home/aokilablinuxws/catkin_ws/devel/share/gennodejs/ros/torobo_msgs/msg/CollisionInfoRequest.js)
Linked: (/home/aokilablinuxws/catkin_ws/devel/.private/torobo_msgs/share/gennodejs/ros/torobo_msgs/msg/CollisionInfoResponse.js, /home/aokilablinuxws/catkin_ws/devel/share/gennodejs/ros/torobo_msgs/msg/CollisionInfoResponse.js)
Linked: (/home/aokilablinuxws/catkin_ws/devel/.private/torobo_msgs/share/gennodejs/ros/torobo_msgs/msg/MoveTeachingTrajectoryActionGoal.js, /home/aokilablinuxws/catkin_ws/devel/share/gennodejs/ros/torobo_msgs/msg/MoveTeachingTrajectoryActionGoal.js)
Linked: (/home/aokilablinuxws/catkin_ws/devel/.private/torobo_msgs/share/gennodejs/ros/torobo_msgs/msg/MoveHomePositionAction.js, /home/aokilablinuxws/catkin_ws/devel/share/gennodejs/ros/torobo_msgs/msg/MoveHomePositionAction.js)
Linked: (/home/aokilablinuxws/catkin_ws/devel/.private/torobo_msgs/share/gennodejs/ros/torobo_msgs/msg/MoveTeachingPointFeedback.js, /home/aokilablinuxws/catkin_ws/devel/share/gennodejs/ros/torobo_msgs/msg/MoveTeachingPointFeedback.js)
Linked: (/home/aokilablinuxws/catkin_ws/devel/.private/torobo_msgs/share/gennodejs/ros/torobo_msgs/msg/MoveTeachingTrajectoryAction.js, /home/aokilablinuxws/catkin_ws/devel/share/gennodejs/ros/torobo_msgs/msg/MoveTeachingTrajectoryAction.js)
Linked: (/home/aokilablinuxws/catkin_ws/devel/.private/torobo_msgs/share/gennodejs/ros/torobo_msgs/msg/_index.js, /home/aokilablinuxws/catkin_ws/devel/share/gennodejs/ros/torobo_msgs/msg/_index.js)
Linked: (/home/aokilablinuxws/catkin_ws/devel/.private/torobo_msgs/share/gennodejs/ros/torobo_msgs/msg/test_message.js, /home/aokilablinuxws/catkin_ws/devel/share/gennodejs/ros/torobo_msgs/msg/test_message.js)
Linked: (/home/aokilablinuxws/catkin_ws/devel/.private/torobo_msgs/share/gennodejs/ros/torobo_msgs/srv/GetServoState.js, /home/aokilablinuxws/catkin_ws/devel/share/gennodejs/ros/torobo_msgs/srv/GetServoState.js)
Linked: (/home/aokilablinuxws/catkin_ws/devel/.private/torobo_msgs/share/gennodejs/ros/torobo_msgs/srv/BrakeOn.js, /home/aokilablinuxws/catkin_ws/devel/share/gennodejs/ros/torobo_msgs/srv/BrakeOn.js)
Linked: (/home/aokilablinuxws/catkin_ws/devel/.private/torobo_msgs/share/gennodejs/ros/torobo_msgs/srv/ServoOn.js, /home/aokilablinuxws/catkin_ws/devel/share/gennodejs/ros/torobo_msgs/srv/ServoOn.js)
Linked: (/home/aokilablinuxws/catkin_ws/devel/.private/torobo_msgs/share/gennodejs/ros/torobo_msgs/srv/SetZeroEffort.js, /home/aokilablinuxws/catkin_ws/devel/share/gennodejs/ros/torobo_msgs/srv/SetZeroEffort.js)
Linked: (/home/aokilablinuxws/catkin_ws/devel/.private/torobo_msgs/share/gennodejs/ros/torobo_msgs/srv/GetTeachingPoint.js, /home/aokilablinuxws/catkin_ws/devel/share/gennodejs/ros/torobo_msgs/srv/GetTeachingPoint.js)
Linked: (/home/aokilablinuxws/catkin_ws/devel/.private/torobo_msgs/share/gennodejs/ros/torobo_msgs/srv/GetTeachingPointNames.js, /home/aokilablinuxws/catkin_ws/devel/share/gennodejs/ros/torobo_msgs/srv/GetTeachingPointNames.js)
Linked: (/home/aokilablinuxws/catkin_ws/devel/.private/torobo_msgs/share/gennodejs/ros/torobo_msgs/srv/DeleteTeachingPoint.js, /home/aokilablinuxws/catkin_ws/devel/share/gennodejs/ros/torobo_msgs/srv/DeleteTeachingPoint.js)
Linked: (/home/aokilablinuxws/catkin_ws/devel/.private/torobo_msgs/share/gennodejs/ros/torobo_msgs/srv/SendCommonCommand.js, /home/aokilablinuxws/catkin_ws/devel/share/gennodejs/ros/torobo_msgs/srv/SendCommonCommand.js)
Linked: (/home/aokilablinuxws/catkin_ws/devel/.private/torobo_msgs/share/gennodejs/ros/torobo_msgs/srv/DeleteTeachingTrajectory.js, /home/aokilablinuxws/catkin_ws/devel/share/gennodejs/ros/torobo_msgs/srv/DeleteTeachingTrajectory.js)
Linked: (/home/aokilablinuxws/catkin_ws/devel/.private/torobo_msgs/share/gennodejs/ros/torobo_msgs/srv/RecordTeachingPoint.js, /home/aokilablinuxws/catkin_ws/devel/share/gennodejs/ros/torobo_msgs/srv/RecordTeachingPoint.js)
Linked: (/home/aokilablinuxws/catkin_ws/devel/.private/torobo_msgs/share/gennodejs/ros/torobo_msgs/srv/GetCollisionInfo.js, /home/aokilablinuxws/catkin_ws/devel/share/gennodejs/ros/torobo_msgs/srv/GetCollisionInfo.js)
Linked: (/home/aokilablinuxws/catkin_ws/devel/.private/torobo_msgs/share/gennodejs/ros/torobo_msgs/srv/GetTeachingTrajectoryNames.js, /home/aokilablinuxws/catkin_ws/devel/share/gennodejs/ros/torobo_msgs/srv/GetTeachingTrajectoryNames.js)
Linked: (/home/aokilablinuxws/catkin_ws/devel/.private/torobo_msgs/share/gennodejs/ros/torobo_msgs/srv/ClearTrajectory.js, /home/aokilablinuxws/catkin_ws/devel/share/gennodejs/ros/torobo_msgs/srv/ClearTrajectory.js)
Linked: (/home/aokilablinuxws/catkin_ws/devel/.private/torobo_msgs/share/gennodejs/ros/torobo_msgs/srv/GetJointState.js, /home/aokilablinuxws/catkin_ws/devel/share/gennodejs/ros/torobo_msgs/srv/GetJointState.js)
Linked: (/home/aokilablinuxws/catkin_ws/devel/.private/torobo_msgs/share/gennodejs/ros/torobo_msgs/srv/ServoOff.js, /home/aokilablinuxws/catkin_ws/devel/share/gennodejs/ros/torobo_msgs/srv/ServoOff.js)
Linked: (/home/aokilablinuxws/catkin_ws/devel/.private/torobo_msgs/share/gennodejs/ros/torobo_msgs/srv/CancelTrajectory.js, /home/aokilablinuxws/catkin_ws/devel/share/gennodejs/ros/torobo_msgs/srv/CancelTrajectory.js)
Linked: (/home/aokilablinuxws/catkin_ws/devel/.private/torobo_msgs/share/gennodejs/ros/torobo_msgs/srv/SetControlMode.js, /home/aokilablinuxws/catkin_ws/devel/share/gennodejs/ros/torobo_msgs/srv/SetControlMode.js)
Linked: (/home/aokilablinuxws/catkin_ws/devel/.private/torobo_msgs/share/gennodejs/ros/torobo_msgs/srv/RecordTeachingTrajectory.js, /home/aokilablinuxws/catkin_ws/devel/share/gennodejs/ros/torobo_msgs/srv/RecordTeachingTrajectory.js)
Linked: (/home/aokilablinuxws/catkin_ws/devel/.private/torobo_msgs/share/gennodejs/ros/torobo_msgs/srv/SetPayloadParam.js, /home/aokilablinuxws/catkin_ws/devel/share/gennodejs/ros/torobo_msgs/srv/SetPayloadParam.js)
Linked: (/home/aokilablinuxws/catkin_ws/devel/.private/torobo_msgs/share/gennodejs/ros/torobo_msgs/srv/SetGeneralOutputRegister.js, /home/aokilablinuxws/catkin_ws/devel/share/gennodejs/ros/torobo_msgs/srv/SetGeneralOutputRegister.js)
Linked: (/home/aokilablinuxws/catkin_ws/devel/.private/torobo_msgs/share/gennodejs/ros/torobo_msgs/srv/SetRobotControllerParameter.js, /home/aokilablinuxws/catkin_ws/devel/share/gennodejs/ros/torobo_msgs/srv/SetRobotControllerParameter.js)
Linked: (/home/aokilablinuxws/catkin_ws/devel/.private/torobo_msgs/share/gennodejs/ros/torobo_msgs/srv/GetTeachingTrajectory.js, /home/aokilablinuxws/catkin_ws/devel/share/gennodejs/ros/torobo_msgs/srv/GetTeachingTrajectory.js)
Linked: (/home/aokilablinuxws/catkin_ws/devel/.private/torobo_msgs/share/gennodejs/ros/torobo_msgs/srv/ErrorReset.js, /home/aokilablinuxws/catkin_ws/devel/share/gennodejs/ros/torobo_msgs/srv/ErrorReset.js)
Linked: (/home/aokilablinuxws/catkin_ws/devel/.private/torobo_msgs/share/gennodejs/ros/torobo_msgs/srv/CheckCollision.js, /home/aokilablinuxws/catkin_ws/devel/share/gennodejs/ros/torobo_msgs/srv/CheckCollision.js)
Linked: (/home/aokilablinuxws/catkin_ws/devel/.private/torobo_msgs/share/gennodejs/ros/torobo_msgs/srv/BrakeOff.js, /home/aokilablinuxws/catkin_ws/devel/share/gennodejs/ros/torobo_msgs/srv/BrakeOff.js)
Linked: (/home/aokilablinuxws/catkin_ws/devel/.private/torobo_msgs/share/gennodejs/ros/torobo_msgs/srv/_index.js, /home/aokilablinuxws/catkin_ws/devel/share/gennodejs/ros/torobo_msgs/srv/_index.js)
Linked: (/home/aokilablinuxws/catkin_ws/devel/.private/torobo_msgs/share/gennodejs/ros/torobo_msgs/srv/GetToroboJointState.js, /home/aokilablinuxws/catkin_ws/devel/share/gennodejs/ros/torobo_msgs/srv/GetToroboJointState.js)
Linked: (/home/aokilablinuxws/catkin_ws/devel/.private/torobo_msgs/share/torobo_msgs/msg/MoveHomePositionFeedback.msg, /home/aokilablinuxws/catkin_ws/devel/share/torobo_msgs/msg/MoveHomePositionFeedback.msg)
Linked: (/home/aokilablinuxws/catkin_ws/devel/.private/torobo_msgs/share/torobo_msgs/msg/MoveHomePositionActionFeedback.msg, /home/aokilablinuxws/catkin_ws/devel/share/torobo_msgs/msg/MoveHomePositionActionFeedback.msg)
Linked: (/home/aokilablinuxws/catkin_ws/devel/.private/torobo_msgs/share/torobo_msgs/msg/MoveHomePositionActionResult.msg, /home/aokilablinuxws/catkin_ws/devel/share/torobo_msgs/msg/MoveHomePositionActionResult.msg)
Linked: (/home/aokilablinuxws/catkin_ws/devel/.private/torobo_msgs/share/torobo_msgs/msg/MoveTeachingTrajectoryActionGoal.msg, /home/aokilablinuxws/catkin_ws/devel/share/torobo_msgs/msg/MoveTeachingTrajectoryActionGoal.msg)
Linked: (/home/aokilablinuxws/catkin_ws/devel/.private/torobo_msgs/share/torobo_msgs/msg/MoveTeachingTrajectoryActionFeedback.msg, /home/aokilablinuxws/catkin_ws/devel/share/torobo_msgs/msg/MoveTeachingTrajectoryActionFeedback.msg)
Linked: (/home/aokilablinuxws/catkin_ws/devel/.private/torobo_msgs/share/torobo_msgs/msg/MoveTeachingTrajectoryActionResult.msg, /home/aokilablinuxws/catkin_ws/devel/share/torobo_msgs/msg/MoveTeachingTrajectoryActionResult.msg)
Linked: (/home/aokilablinuxws/catkin_ws/devel/.private/torobo_msgs/share/torobo_msgs/msg/MoveTeachingTrajectoryAction.msg, /home/aokilablinuxws/catkin_ws/devel/share/torobo_msgs/msg/MoveTeachingTrajectoryAction.msg)
Linked: (/home/aokilablinuxws/catkin_ws/devel/.private/torobo_msgs/share/torobo_msgs/msg/MoveTeachingTrajectoryResult.msg, /home/aokilablinuxws/catkin_ws/devel/share/torobo_msgs/msg/MoveTeachingTrajectoryResult.msg)
Linked: (/home/aokilablinuxws/catkin_ws/devel/.private/torobo_msgs/share/torobo_msgs/msg/MoveHomePositionAction.msg, /home/aokilablinuxws/catkin_ws/devel/share/torobo_msgs/msg/MoveHomePositionAction.msg)
Linked: (/home/aokilablinuxws/catkin_ws/devel/.private/torobo_msgs/share/torobo_msgs/msg/MoveTeachingPointActionResult.msg, /home/aokilablinuxws/catkin_ws/devel/share/torobo_msgs/msg/MoveTeachingPointActionResult.msg)
Linked: (/home/aokilablinuxws/catkin_ws/devel/.private/torobo_msgs/share/torobo_msgs/msg/MoveTeachingPointGoal.msg, /home/aokilablinuxws/catkin_ws/devel/share/torobo_msgs/msg/MoveTeachingPointGoal.msg)
Linked: (/home/aokilablinuxws/catkin_ws/devel/.private/torobo_msgs/share/torobo_msgs/msg/MoveTeachingPointResult.msg, /home/aokilablinuxws/catkin_ws/devel/share/torobo_msgs/msg/MoveTeachingPointResult.msg)
Linked: (/home/aokilablinuxws/catkin_ws/devel/.private/torobo_msgs/share/torobo_msgs/msg/MoveTeachingTrajectoryFeedback.msg, /home/aokilablinuxws/catkin_ws/devel/share/torobo_msgs/msg/MoveTeachingTrajectoryFeedback.msg)
Linked: (/home/aokilablinuxws/catkin_ws/devel/.private/torobo_msgs/share/torobo_msgs/msg/MoveHomePositionActionGoal.msg, /home/aokilablinuxws/catkin_ws/devel/share/torobo_msgs/msg/MoveHomePositionActionGoal.msg)
Linked: (/home/aokilablinuxws/catkin_ws/devel/.private/torobo_msgs/share/torobo_msgs/msg/MoveTeachingPointActionGoal.msg, /home/aokilablinuxws/catkin_ws/devel/share/torobo_msgs/msg/MoveTeachingPointActionGoal.msg)
Linked: (/home/aokilablinuxws/catkin_ws/devel/.private/torobo_msgs/share/torobo_msgs/msg/MoveTeachingPointAction.msg, /home/aokilablinuxws/catkin_ws/devel/share/torobo_msgs/msg/MoveTeachingPointAction.msg)
Linked: (/home/aokilablinuxws/catkin_ws/devel/.private/torobo_msgs/share/torobo_msgs/msg/MoveTeachingTrajectoryGoal.msg, /home/aokilablinuxws/catkin_ws/devel/share/torobo_msgs/msg/MoveTeachingTrajectoryGoal.msg)
Linked: (/home/aokilablinuxws/catkin_ws/devel/.private/torobo_msgs/share/torobo_msgs/msg/MoveTeachingPointActionFeedback.msg, /home/aokilablinuxws/catkin_ws/devel/share/torobo_msgs/msg/MoveTeachingPointActionFeedback.msg)
Linked: (/home/aokilablinuxws/catkin_ws/devel/.private/torobo_msgs/share/torobo_msgs/msg/MoveHomePositionGoal.msg, /home/aokilablinuxws/catkin_ws/devel/share/torobo_msgs/msg/MoveHomePositionGoal.msg)
Linked: (/home/aokilablinuxws/catkin_ws/devel/.private/torobo_msgs/share/torobo_msgs/msg/MoveHomePositionResult.msg, /home/aokilablinuxws/catkin_ws/devel/share/torobo_msgs/msg/MoveHomePositionResult.msg)
Linked: (/home/aokilablinuxws/catkin_ws/devel/.private/torobo_msgs/share/torobo_msgs/msg/MoveTeachingPointFeedback.msg, /home/aokilablinuxws/catkin_ws/devel/share/torobo_msgs/msg/MoveTeachingPointFeedback.msg)
Linked: (/home/aokilablinuxws/catkin_ws/devel/.private/torobo_msgs/share/torobo_msgs/cmake/torobo_msgsConfig-version.cmake, /home/aokilablinuxws/catkin_ws/devel/share/torobo_msgs/cmake/torobo_msgsConfig-version.cmake)
Linked: (/home/aokilablinuxws/catkin_ws/devel/.private/torobo_msgs/share/torobo_msgs/cmake/torobo_msgs-msg-extras.cmake, /home/aokilablinuxws/catkin_ws/devel/share/torobo_msgs/cmake/torobo_msgs-msg-extras.cmake)
Linked: (/home/aokilablinuxws/catkin_ws/devel/.private/torobo_msgs/share/torobo_msgs/cmake/torobo_msgs-msg-paths.cmake, /home/aokilablinuxws/catkin_ws/devel/share/torobo_msgs/cmake/torobo_msgs-msg-paths.cmake)
Linked: (/home/aokilablinuxws/catkin_ws/devel/.private/torobo_msgs/share/torobo_msgs/cmake/torobo_msgsConfig.cmake, /home/aokilablinuxws/catkin_ws/devel/share/torobo_msgs/cmake/torobo_msgsConfig.cmake)
Linked: (/home/aokilablinuxws/catkin_ws/devel/.private/torobo_msgs/share/common-lisp/ros/torobo_msgs/msg/MoveTeachingPointFeedback.lisp, /home/aokilablinuxws/catkin_ws/devel/share/common-lisp/ros/torobo_msgs/msg/MoveTeachingPointFeedback.lisp)
Linked: (/home/aokilablinuxws/catkin_ws/devel/.private/torobo_msgs/share/common-lisp/ros/torobo_msgs/msg/MoveTeachingPointActionFeedback.lisp, /home/aokilablinuxws/catkin_ws/devel/share/common-lisp/ros/torobo_msgs/msg/MoveTeachingPointActionFeedback.lisp)
Linked: (/home/aokilablinuxws/catkin_ws/devel/.private/torobo_msgs/share/common-lisp/ros/torobo_msgs/msg/_package_CollisionInfoRequest.lisp, /home/aokilablinuxws/catkin_ws/devel/share/common-lisp/ros/torobo_msgs/msg/_package_CollisionInfoRequest.lisp)
Linked: (/home/aokilablinuxws/catkin_ws/devel/.private/torobo_msgs/share/common-lisp/ros/torobo_msgs/msg/ToroboDynamics.lisp, /home/aokilablinuxws/catkin_ws/devel/share/common-lisp/ros/torobo_msgs/msg/ToroboDynamics.lisp)
Linked: (/home/aokilablinuxws/catkin_ws/devel/.private/torobo_msgs/share/common-lisp/ros/torobo_msgs/msg/MoveTeachingTrajectoryResult.lisp, /home/aokilablinuxws/catkin_ws/devel/share/common-lisp/ros/torobo_msgs/msg/MoveTeachingTrajectoryResult.lisp)
Linked: (/home/aokilablinuxws/catkin_ws/devel/.private/torobo_msgs/share/common-lisp/ros/torobo_msgs/msg/MoveTeachingTrajectoryFeedback.lisp, /home/aokilablinuxws/catkin_ws/devel/share/common-lisp/ros/torobo_msgs/msg/MoveTeachingTrajectoryFeedback.lisp)
Linked: (/home/aokilablinuxws/catkin_ws/devel/.private/torobo_msgs/share/common-lisp/ros/torobo_msgs/msg/_package_MoveTeachingTrajectoryActionFeedback.lisp, /home/aokilablinuxws/catkin_ws/devel/share/common-lisp/ros/torobo_msgs/msg/_package_MoveTeachingTrajectoryActionFeedback.lisp)
Linked: (/home/aokilablinuxws/catkin_ws/devel/.private/torobo_msgs/share/common-lisp/ros/torobo_msgs/msg/MoveTeachingPointActionGoal.lisp, /home/aokilablinuxws/catkin_ws/devel/share/common-lisp/ros/torobo_msgs/msg/MoveTeachingPointActionGoal.lisp)
Linked: (/home/aokilablinuxws/catkin_ws/devel/.private/torobo_msgs/share/common-lisp/ros/torobo_msgs/msg/ControllData.lisp, /home/aokilablinuxws/catkin_ws/devel/share/common-lisp/ros/torobo_msgs/msg/ControllData.lisp)
Linked: (/home/aokilablinuxws/catkin_ws/devel/.private/torobo_msgs/share/common-lisp/ros/torobo_msgs/msg/MoveTeachingTrajectoryActionResult.lisp, /home/aokilablinuxws/catkin_ws/devel/share/common-lisp/ros/torobo_msgs/msg/MoveTeachingTrajectoryActionResult.lisp)
Linked: (/home/aokilablinuxws/catkin_ws/devel/.private/torobo_msgs/share/common-lisp/ros/torobo_msgs/msg/MoveHomePositionActionGoal.lisp, /home/aokilablinuxws/catkin_ws/devel/share/common-lisp/ros/torobo_msgs/msg/MoveHomePositionActionGoal.lisp)
Linked: (/home/aokilablinuxws/catkin_ws/devel/.private/torobo_msgs/share/common-lisp/ros/torobo_msgs/msg/MoveTeachingPointGoal.lisp, /home/aokilablinuxws/catkin_ws/devel/share/common-lisp/ros/torobo_msgs/msg/MoveTeachingPointGoal.lisp)
Linked: (/home/aokilablinuxws/catkin_ws/devel/.private/torobo_msgs/share/common-lisp/ros/torobo_msgs/msg/MoveHomePositionActionFeedback.lisp, /home/aokilablinuxws/catkin_ws/devel/share/common-lisp/ros/torobo_msgs/msg/MoveHomePositionActionFeedback.lisp)
Linked: (/home/aokilablinuxws/catkin_ws/devel/.private/torobo_msgs/share/common-lisp/ros/torobo_msgs/msg/MoveTeachingPointActionResult.lisp, /home/aokilablinuxws/catkin_ws/devel/share/common-lisp/ros/torobo_msgs/msg/MoveTeachingPointActionResult.lisp)
Linked: (/home/aokilablinuxws/catkin_ws/devel/.private/torobo_msgs/share/common-lisp/ros/torobo_msgs/msg/_package_MoveHomePositionResult.lisp, /home/aokilablinuxws/catkin_ws/devel/share/common-lisp/ros/torobo_msgs/msg/_package_MoveHomePositionResult.lisp)
Linked: (/home/aokilablinuxws/catkin_ws/devel/.private/torobo_msgs/share/common-lisp/ros/torobo_msgs/msg/MoveTeachingPointAction.lisp, /home/aokilablinuxws/catkin_ws/devel/share/common-lisp/ros/torobo_msgs/msg/MoveTeachingPointAction.lisp)
Linked: (/home/aokilablinuxws/catkin_ws/devel/.private/torobo_msgs/share/common-lisp/ros/torobo_msgs/msg/_package_ToroboJointState.lisp, /home/aokilablinuxws/catkin_ws/devel/share/common-lisp/ros/torobo_msgs/msg/_package_ToroboJointState.lisp)
Linked: (/home/aokilablinuxws/catkin_ws/devel/.private/torobo_msgs/share/common-lisp/ros/torobo_msgs/msg/_package_MoveHomePositionActionFeedback.lisp, /home/aokilablinuxws/catkin_ws/devel/share/common-lisp/ros/torobo_msgs/msg/_package_MoveHomePositionActionFeedback.lisp)
Linked: (/home/aokilablinuxws/catkin_ws/devel/.private/torobo_msgs/share/common-lisp/ros/torobo_msgs/msg/MoveTeachingTrajectoryActionGoal.lisp, /home/aokilablinuxws/catkin_ws/devel/share/common-lisp/ros/torobo_msgs/msg/MoveTeachingTrajectoryActionGoal.lisp)
Linked: (/home/aokilablinuxws/catkin_ws/devel/.private/torobo_msgs/share/common-lisp/ros/torobo_msgs/msg/_package_MoveTeachingTrajectoryFeedback.lisp, /home/aokilablinuxws/catkin_ws/devel/share/common-lisp/ros/torobo_msgs/msg/_package_MoveTeachingTrajectoryFeedback.lisp)
Linked: (/home/aokilablinuxws/catkin_ws/devel/.private/torobo_msgs/share/common-lisp/ros/torobo_msgs/msg/CalculateData.lisp, /home/aokilablinuxws/catkin_ws/devel/share/common-lisp/ros/torobo_msgs/msg/CalculateData.lisp)
Linked: (/home/aokilablinuxws/catkin_ws/devel/.private/torobo_msgs/share/common-lisp/ros/torobo_msgs/msg/_package_MoveTeachingPointActionFeedback.lisp, /home/aokilablinuxws/catkin_ws/devel/share/common-lisp/ros/torobo_msgs/msg/_package_MoveTeachingPointActionFeedback.lisp)
Linked: (/home/aokilablinuxws/catkin_ws/devel/.private/torobo_msgs/share/common-lisp/ros/torobo_msgs/msg/_package_MoveTeachingPointFeedback.lisp, /home/aokilablinuxws/catkin_ws/devel/share/common-lisp/ros/torobo_msgs/msg/_package_MoveTeachingPointFeedback.lisp)
Linked: (/home/aokilablinuxws/catkin_ws/devel/.private/torobo_msgs/share/common-lisp/ros/torobo_msgs/msg/_package_MoveTeachingPointActionGoal.lisp, /home/aokilablinuxws/catkin_ws/devel/share/common-lisp/ros/torobo_msgs/msg/_package_MoveTeachingPointActionGoal.lisp)
Linked: (/home/aokilablinuxws/catkin_ws/devel/.private/torobo_msgs/share/common-lisp/ros/torobo_msgs/msg/_package_MoveHomePositionActionResult.lisp, /home/aokilablinuxws/catkin_ws/devel/share/common-lisp/ros/torobo_msgs/msg/_package_MoveHomePositionActionResult.lisp)
Linked: (/home/aokilablinuxws/catkin_ws/devel/.private/torobo_msgs/share/common-lisp/ros/torobo_msgs/msg/_package_MoveHomePositionAction.lisp, /home/aokilablinuxws/catkin_ws/devel/share/common-lisp/ros/torobo_msgs/msg/_package_MoveHomePositionAction.lisp)
Linked: (/home/aokilablinuxws/catkin_ws/devel/.private/torobo_msgs/share/common-lisp/ros/torobo_msgs/msg/_package_MoveHomePositionFeedback.lisp, /home/aokilablinuxws/catkin_ws/devel/share/common-lisp/ros/torobo_msgs/msg/_package_MoveHomePositionFeedback.lisp)
Linked: (/home/aokilablinuxws/catkin_ws/devel/.private/torobo_msgs/share/common-lisp/ros/torobo_msgs/msg/_package.lisp, /home/aokilablinuxws/catkin_ws/devel/share/common-lisp/ros/torobo_msgs/msg/_package.lisp)
Linked: (/home/aokilablinuxws/catkin_ws/devel/.private/torobo_msgs/share/common-lisp/ros/torobo_msgs/msg/_package_MoveTeachingPointGoal.lisp, /home/aokilablinuxws/catkin_ws/devel/share/common-lisp/ros/torobo_msgs/msg/_package_MoveTeachingPointGoal.lisp)
Linked: (/home/aokilablinuxws/catkin_ws/devel/.private/torobo_msgs/share/common-lisp/ros/torobo_msgs/msg/_package_MoveTeachingPointAction.lisp, /home/aokilablinuxws/catkin_ws/devel/share/common-lisp/ros/torobo_msgs/msg/_package_MoveTeachingPointAction.lisp)
Linked: (/home/aokilablinuxws/catkin_ws/devel/.private/torobo_msgs/share/common-lisp/ros/torobo_msgs/msg/CollisionInfoRequest.lisp, /home/aokilablinuxws/catkin_ws/devel/share/common-lisp/ros/torobo_msgs/msg/CollisionInfoRequest.lisp)
Linked: (/home/aokilablinuxws/catkin_ws/devel/.private/torobo_msgs/share/common-lisp/ros/torobo_msgs/msg/MoveHomePositionResult.lisp, /home/aokilablinuxws/catkin_ws/devel/share/common-lisp/ros/torobo_msgs/msg/MoveHomePositionResult.lisp)
Linked: (/home/aokilablinuxws/catkin_ws/devel/.private/torobo_msgs/share/common-lisp/ros/torobo_msgs/msg/_package_MoveHomePositionGoal.lisp, /home/aokilablinuxws/catkin_ws/devel/share/common-lisp/ros/torobo_msgs/msg/_package_MoveHomePositionGoal.lisp)
Linked: (/home/aokilablinuxws/catkin_ws/devel/.private/torobo_msgs/share/common-lisp/ros/torobo_msgs/msg/CollisionInfoResponse.lisp, /home/aokilablinuxws/catkin_ws/devel/share/common-lisp/ros/torobo_msgs/msg/CollisionInfoResponse.lisp)
Linked: (/home/aokilablinuxws/catkin_ws/devel/.private/torobo_msgs/share/common-lisp/ros/torobo_msgs/msg/test_message.lisp, /home/aokilablinuxws/catkin_ws/devel/share/common-lisp/ros/torobo_msgs/msg/test_message.lisp)
Linked: (/home/aokilablinuxws/catkin_ws/devel/.private/torobo_msgs/share/common-lisp/ros/torobo_msgs/msg/_package_MoveTeachingTrajectoryGoal.lisp, /home/aokilablinuxws/catkin_ws/devel/share/common-lisp/ros/torobo_msgs/msg/_package_MoveTeachingTrajectoryGoal.lisp)
Linked: (/home/aokilablinuxws/catkin_ws/devel/.private/torobo_msgs/share/common-lisp/ros/torobo_msgs/msg/ToroboCommand.lisp, /home/aokilablinuxws/catkin_ws/devel/share/common-lisp/ros/torobo_msgs/msg/ToroboCommand.lisp)
Linked: (/home/aokilablinuxws/catkin_ws/devel/.private/torobo_msgs/share/common-lisp/ros/torobo_msgs/msg/MoveHomePositionGoal.lisp, /home/aokilablinuxws/catkin_ws/devel/share/common-lisp/ros/torobo_msgs/msg/MoveHomePositionGoal.lisp)
Linked: (/home/aokilablinuxws/catkin_ws/devel/.private/torobo_msgs/share/common-lisp/ros/torobo_msgs/msg/MoveHomePositionActionResult.lisp, /home/aokilablinuxws/catkin_ws/devel/share/common-lisp/ros/torobo_msgs/msg/MoveHomePositionActionResult.lisp)
Linked: (/home/aokilablinuxws/catkin_ws/devel/.private/torobo_msgs/share/common-lisp/ros/torobo_msgs/msg/MoveTeachingPointResult.lisp, /home/aokilablinuxws/catkin_ws/devel/share/common-lisp/ros/torobo_msgs/msg/MoveTeachingPointResult.lisp)
Linked: (/home/aokilablinuxws/catkin_ws/devel/.private/torobo_msgs/share/common-lisp/ros/torobo_msgs/msg/_package_MoveHomePositionActionGoal.lisp, /home/aokilablinuxws/catkin_ws/devel/share/common-lisp/ros/torobo_msgs/msg/_package_MoveHomePositionActionGoal.lisp)
Linked: (/home/aokilablinuxws/catkin_ws/devel/.private/torobo_msgs/share/common-lisp/ros/torobo_msgs/msg/MoveTeachingTrajectoryAction.lisp, /home/aokilablinuxws/catkin_ws/devel/share/common-lisp/ros/torobo_msgs/msg/MoveTeachingTrajectoryAction.lisp)
Linked: (/home/aokilablinuxws/catkin_ws/devel/.private/torobo_msgs/share/common-lisp/ros/torobo_msgs/msg/_package_ControllData.lisp, /home/aokilablinuxws/catkin_ws/devel/share/common-lisp/ros/torobo_msgs/msg/_package_ControllData.lisp)
Linked: (/home/aokilablinuxws/catkin_ws/devel/.private/torobo_msgs/share/common-lisp/ros/torobo_msgs/msg/_package_MoveTeachingTrajectoryActionGoal.lisp, /home/aokilablinuxws/catkin_ws/devel/share/common-lisp/ros/torobo_msgs/msg/_package_MoveTeachingTrajectoryActionGoal.lisp)
Linked: (/home/aokilablinuxws/catkin_ws/devel/.private/torobo_msgs/share/common-lisp/ros/torobo_msgs/msg/_package_test_message.lisp, /home/aokilablinuxws/catkin_ws/devel/share/common-lisp/ros/torobo_msgs/msg/_package_test_message.lisp)
Linked: (/home/aokilablinuxws/catkin_ws/devel/.private/torobo_msgs/share/common-lisp/ros/torobo_msgs/msg/_package_MoveTeachingTrajectoryAction.lisp, /home/aokilablinuxws/catkin_ws/devel/share/common-lisp/ros/torobo_msgs/msg/_package_MoveTeachingTrajectoryAction.lisp)
Linked: (/home/aokilablinuxws/catkin_ws/devel/.private/torobo_msgs/share/common-lisp/ros/torobo_msgs/msg/_package_ToroboCommand.lisp, /home/aokilablinuxws/catkin_ws/devel/share/common-lisp/ros/torobo_msgs/msg/_package_ToroboCommand.lisp)
Linked: (/home/aokilablinuxws/catkin_ws/devel/.private/torobo_msgs/share/common-lisp/ros/torobo_msgs/msg/MoveHomePositionFeedback.lisp, /home/aokilablinuxws/catkin_ws/devel/share/common-lisp/ros/torobo_msgs/msg/MoveHomePositionFeedback.lisp)
Linked: (/home/aokilablinuxws/catkin_ws/devel/.private/torobo_msgs/share/common-lisp/ros/torobo_msgs/msg/MoveTeachingTrajectoryActionFeedback.lisp, /home/aokilablinuxws/catkin_ws/devel/share/common-lisp/ros/torobo_msgs/msg/MoveTeachingTrajectoryActionFeedback.lisp)
Linked: (/home/aokilablinuxws/catkin_ws/devel/.private/torobo_msgs/share/common-lisp/ros/torobo_msgs/msg/_package_MoveTeachingPointResult.lisp, /home/aokilablinuxws/catkin_ws/devel/share/common-lisp/ros/torobo_msgs/msg/_package_MoveTeachingPointResult.lisp)
Linked: (/home/aokilablinuxws/catkin_ws/devel/.private/torobo_msgs/share/common-lisp/ros/torobo_msgs/msg/_package_MoveTeachingTrajectoryActionResult.lisp, /home/aokilablinuxws/catkin_ws/devel/share/common-lisp/ros/torobo_msgs/msg/_package_MoveTeachingTrajectoryActionResult.lisp)
Linked: (/home/aokilablinuxws/catkin_ws/devel/.private/torobo_msgs/share/common-lisp/ros/torobo_msgs/msg/_package_ToroboDynamics.lisp, /home/aokilablinuxws/catkin_ws/devel/share/common-lisp/ros/torobo_msgs/msg/_package_ToroboDynamics.lisp)
Linked: (/home/aokilablinuxws/catkin_ws/devel/.private/torobo_msgs/share/common-lisp/ros/torobo_msgs/msg/_package_MoveTeachingPointActionResult.lisp, /home/aokilablinuxws/catkin_ws/devel/share/common-lisp/ros/torobo_msgs/msg/_package_MoveTeachingPointActionResult.lisp)
Linked: (/home/aokilablinuxws/catkin_ws/devel/.private/torobo_msgs/share/common-lisp/ros/torobo_msgs/msg/ToroboJointState.lisp, /home/aokilablinuxws/catkin_ws/devel/share/common-lisp/ros/torobo_msgs/msg/ToroboJointState.lisp)
Linked: (/home/aokilablinuxws/catkin_ws/devel/.private/torobo_msgs/share/common-lisp/ros/torobo_msgs/msg/_package_CollisionInfoResponse.lisp, /home/aokilablinuxws/catkin_ws/devel/share/common-lisp/ros/torobo_msgs/msg/_package_CollisionInfoResponse.lisp)
Linked: (/home/aokilablinuxws/catkin_ws/devel/.private/torobo_msgs/share/common-lisp/ros/torobo_msgs/msg/_package_CalculateData.lisp, /home/aokilablinuxws/catkin_ws/devel/share/common-lisp/ros/torobo_msgs/msg/_package_CalculateData.lisp)
Linked: (/home/aokilablinuxws/catkin_ws/devel/.private/torobo_msgs/share/common-lisp/ros/torobo_msgs/msg/MoveHomePositionAction.lisp, /home/aokilablinuxws/catkin_ws/devel/share/common-lisp/ros/torobo_msgs/msg/MoveHomePositionAction.lisp)
Linked: (/home/aokilablinuxws/catkin_ws/devel/.private/torobo_msgs/share/common-lisp/ros/torobo_msgs/msg/torobo_msgs-msg.asd, /home/aokilablinuxws/catkin_ws/devel/share/common-lisp/ros/torobo_msgs/msg/torobo_msgs-msg.asd)
Linked: (/home/aokilablinuxws/catkin_ws/devel/.private/torobo_msgs/share/common-lisp/ros/torobo_msgs/msg/_package_MoveTeachingTrajectoryResult.lisp, /home/aokilablinuxws/catkin_ws/devel/share/common-lisp/ros/torobo_msgs/msg/_package_MoveTeachingTrajectoryResult.lisp)
Linked: (/home/aokilablinuxws/catkin_ws/devel/.private/torobo_msgs/share/common-lisp/ros/torobo_msgs/msg/MoveTeachingTrajectoryGoal.lisp, /home/aokilablinuxws/catkin_ws/devel/share/common-lisp/ros/torobo_msgs/msg/MoveTeachingTrajectoryGoal.lisp)
Linked: (/home/aokilablinuxws/catkin_ws/devel/.private/torobo_msgs/share/common-lisp/ros/torobo_msgs/srv/ServoOff.lisp, /home/aokilablinuxws/catkin_ws/devel/share/common-lisp/ros/torobo_msgs/srv/ServoOff.lisp)
Linked: (/home/aokilablinuxws/catkin_ws/devel/.private/torobo_msgs/share/common-lisp/ros/torobo_msgs/srv/RecordTeachingPoint.lisp, /home/aokilablinuxws/catkin_ws/devel/share/common-lisp/ros/torobo_msgs/srv/RecordTeachingPoint.lisp)
Linked: (/home/aokilablinuxws/catkin_ws/devel/.private/torobo_msgs/share/common-lisp/ros/torobo_msgs/srv/_package_RecordTeachingPoint.lisp, /home/aokilablinuxws/catkin_ws/devel/share/common-lisp/ros/torobo_msgs/srv/_package_RecordTeachingPoint.lisp)
Linked: (/home/aokilablinuxws/catkin_ws/devel/.private/torobo_msgs/share/common-lisp/ros/torobo_msgs/srv/SetRobotControllerParameter.lisp, /home/aokilablinuxws/catkin_ws/devel/share/common-lisp/ros/torobo_msgs/srv/SetRobotControllerParameter.lisp)
Linked: (/home/aokilablinuxws/catkin_ws/devel/.private/torobo_msgs/share/common-lisp/ros/torobo_msgs/srv/GetToroboJointState.lisp, /home/aokilablinuxws/catkin_ws/devel/share/common-lisp/ros/torobo_msgs/srv/GetToroboJointState.lisp)
Linked: (/home/aokilablinuxws/catkin_ws/devel/.private/torobo_msgs/share/common-lisp/ros/torobo_msgs/srv/_package_GetTeachingPointNames.lisp, /home/aokilablinuxws/catkin_ws/devel/share/common-lisp/ros/torobo_msgs/srv/_package_GetTeachingPointNames.lisp)
Linked: (/home/aokilablinuxws/catkin_ws/devel/.private/torobo_msgs/share/common-lisp/ros/torobo_msgs/srv/_package_ServoOff.lisp, /home/aokilablinuxws/catkin_ws/devel/share/common-lisp/ros/torobo_msgs/srv/_package_ServoOff.lisp)
Linked: (/home/aokilablinuxws/catkin_ws/devel/.private/torobo_msgs/share/common-lisp/ros/torobo_msgs/srv/SetPayloadParam.lisp, /home/aokilablinuxws/catkin_ws/devel/share/common-lisp/ros/torobo_msgs/srv/SetPayloadParam.lisp)
Linked: (/home/aokilablinuxws/catkin_ws/devel/.private/torobo_msgs/share/common-lisp/ros/torobo_msgs/srv/GetCollisionInfo.lisp, /home/aokilablinuxws/catkin_ws/devel/share/common-lisp/ros/torobo_msgs/srv/GetCollisionInfo.lisp)
Linked: (/home/aokilablinuxws/catkin_ws/devel/.private/torobo_msgs/share/common-lisp/ros/torobo_msgs/srv/GetTeachingPointNames.lisp, /home/aokilablinuxws/catkin_ws/devel/share/common-lisp/ros/torobo_msgs/srv/GetTeachingPointNames.lisp)
Linked: (/home/aokilablinuxws/catkin_ws/devel/.private/torobo_msgs/share/common-lisp/ros/torobo_msgs/srv/_package_ErrorReset.lisp, /home/aokilablinuxws/catkin_ws/devel/share/common-lisp/ros/torobo_msgs/srv/_package_ErrorReset.lisp)
Linked: (/home/aokilablinuxws/catkin_ws/devel/.private/torobo_msgs/share/common-lisp/ros/torobo_msgs/srv/_package_BrakeOff.lisp, /home/aokilablinuxws/catkin_ws/devel/share/common-lisp/ros/torobo_msgs/srv/_package_BrakeOff.lisp)
Linked: (/home/aokilablinuxws/catkin_ws/devel/.private/torobo_msgs/share/common-lisp/ros/torobo_msgs/srv/_package_DeleteTeachingPoint.lisp, /home/aokilablinuxws/catkin_ws/devel/share/common-lisp/ros/torobo_msgs/srv/_package_DeleteTeachingPoint.lisp)
Linked: (/home/aokilablinuxws/catkin_ws/devel/.private/torobo_msgs/share/common-lisp/ros/torobo_msgs/srv/ErrorReset.lisp, /home/aokilablinuxws/catkin_ws/devel/share/common-lisp/ros/torobo_msgs/srv/ErrorReset.lisp)
Linked: (/home/aokilablinuxws/catkin_ws/devel/.private/torobo_msgs/share/common-lisp/ros/torobo_msgs/srv/GetServoState.lisp, /home/aokilablinuxws/catkin_ws/devel/share/common-lisp/ros/torobo_msgs/srv/GetServoState.lisp)
Linked: (/home/aokilablinuxws/catkin_ws/devel/.private/torobo_msgs/share/common-lisp/ros/torobo_msgs/srv/_package_RecordTeachingTrajectory.lisp, /home/aokilablinuxws/catkin_ws/devel/share/common-lisp/ros/torobo_msgs/srv/_package_RecordTeachingTrajectory.lisp)
Linked: (/home/aokilablinuxws/catkin_ws/devel/.private/torobo_msgs/share/common-lisp/ros/torobo_msgs/srv/_package_GetCollisionInfo.lisp, /home/aokilablinuxws/catkin_ws/devel/share/common-lisp/ros/torobo_msgs/srv/_package_GetCollisionInfo.lisp)
Linked: (/home/aokilablinuxws/catkin_ws/devel/.private/torobo_msgs/share/common-lisp/ros/torobo_msgs/srv/DeleteTeachingTrajectory.lisp, /home/aokilablinuxws/catkin_ws/devel/share/common-lisp/ros/torobo_msgs/srv/DeleteTeachingTrajectory.lisp)
Linked: (/home/aokilablinuxws/catkin_ws/devel/.private/torobo_msgs/share/common-lisp/ros/torobo_msgs/srv/BrakeOff.lisp, /home/aokilablinuxws/catkin_ws/devel/share/common-lisp/ros/torobo_msgs/srv/BrakeOff.lisp)
Linked: (/home/aokilablinuxws/catkin_ws/devel/.private/torobo_msgs/share/common-lisp/ros/torobo_msgs/srv/_package_SendCommonCommand.lisp, /home/aokilablinuxws/catkin_ws/devel/share/common-lisp/ros/torobo_msgs/srv/_package_SendCommonCommand.lisp)
Linked: (/home/aokilablinuxws/catkin_ws/devel/.private/torobo_msgs/share/common-lisp/ros/torobo_msgs/srv/_package_ServoOn.lisp, /home/aokilablinuxws/catkin_ws/devel/share/common-lisp/ros/torobo_msgs/srv/_package_ServoOn.lisp)
Linked: (/home/aokilablinuxws/catkin_ws/devel/.private/torobo_msgs/share/common-lisp/ros/torobo_msgs/srv/torobo_msgs-srv.asd, /home/aokilablinuxws/catkin_ws/devel/share/common-lisp/ros/torobo_msgs/srv/torobo_msgs-srv.asd)
Linked: (/home/aokilablinuxws/catkin_ws/devel/.private/torobo_msgs/share/common-lisp/ros/torobo_msgs/srv/BrakeOn.lisp, /home/aokilablinuxws/catkin_ws/devel/share/common-lisp/ros/torobo_msgs/srv/BrakeOn.lisp)
Linked: (/home/aokilablinuxws/catkin_ws/devel/.private/torobo_msgs/share/common-lisp/ros/torobo_msgs/srv/_package_GetToroboJointState.lisp, /home/aokilablinuxws/catkin_ws/devel/share/common-lisp/ros/torobo_msgs/srv/_package_GetToroboJointState.lisp)
Linked: (/home/aokilablinuxws/catkin_ws/devel/.private/torobo_msgs/share/common-lisp/ros/torobo_msgs/srv/SetControlMode.lisp, /home/aokilablinuxws/catkin_ws/devel/share/common-lisp/ros/torobo_msgs/srv/SetControlMode.lisp)
Linked: (/home/aokilablinuxws/catkin_ws/devel/.private/torobo_msgs/share/common-lisp/ros/torobo_msgs/srv/_package_BrakeOn.lisp, /home/aokilablinuxws/catkin_ws/devel/share/common-lisp/ros/torobo_msgs/srv/_package_BrakeOn.lisp)
Linked: (/home/aokilablinuxws/catkin_ws/devel/.private/torobo_msgs/share/common-lisp/ros/torobo_msgs/srv/_package_GetJointState.lisp, /home/aokilablinuxws/catkin_ws/devel/share/common-lisp/ros/torobo_msgs/srv/_package_GetJointState.lisp)
Linked: (/home/aokilablinuxws/catkin_ws/devel/.private/torobo_msgs/share/common-lisp/ros/torobo_msgs/srv/GetTeachingTrajectory.lisp, /home/aokilablinuxws/catkin_ws/devel/share/common-lisp/ros/torobo_msgs/srv/GetTeachingTrajectory.lisp)
Linked: (/home/aokilablinuxws/catkin_ws/devel/.private/torobo_msgs/share/common-lisp/ros/torobo_msgs/srv/_package_GetTeachingPoint.lisp, /home/aokilablinuxws/catkin_ws/devel/share/common-lisp/ros/torobo_msgs/srv/_package_GetTeachingPoint.lisp)
Linked: (/home/aokilablinuxws/catkin_ws/devel/.private/torobo_msgs/share/common-lisp/ros/torobo_msgs/srv/_package.lisp, /home/aokilablinuxws/catkin_ws/devel/share/common-lisp/ros/torobo_msgs/srv/_package.lisp)
Linked: (/home/aokilablinuxws/catkin_ws/devel/.private/torobo_msgs/share/common-lisp/ros/torobo_msgs/srv/RecordTeachingTrajectory.lisp, /home/aokilablinuxws/catkin_ws/devel/share/common-lisp/ros/torobo_msgs/srv/RecordTeachingTrajectory.lisp)
Linked: (/home/aokilablinuxws/catkin_ws/devel/.private/torobo_msgs/share/common-lisp/ros/torobo_msgs/srv/SetGeneralOutputRegister.lisp, /home/aokilablinuxws/catkin_ws/devel/share/common-lisp/ros/torobo_msgs/srv/SetGeneralOutputRegister.lisp)
Linked: (/home/aokilablinuxws/catkin_ws/devel/.private/torobo_msgs/share/common-lisp/ros/torobo_msgs/srv/_package_CancelTrajectory.lisp, /home/aokilablinuxws/catkin_ws/devel/share/common-lisp/ros/torobo_msgs/srv/_package_CancelTrajectory.lisp)
Linked: (/home/aokilablinuxws/catkin_ws/devel/.private/torobo_msgs/share/common-lisp/ros/torobo_msgs/srv/GetTeachingTrajectoryNames.lisp, /home/aokilablinuxws/catkin_ws/devel/share/common-lisp/ros/torobo_msgs/srv/GetTeachingTrajectoryNames.lisp)
Linked: (/home/aokilablinuxws/catkin_ws/devel/.private/torobo_msgs/share/common-lisp/ros/torobo_msgs/srv/GetTeachingPoint.lisp, /home/aokilablinuxws/catkin_ws/devel/share/common-lisp/ros/torobo_msgs/srv/GetTeachingPoint.lisp)
Linked: (/home/aokilablinuxws/catkin_ws/devel/.private/torobo_msgs/share/common-lisp/ros/torobo_msgs/srv/_package_SetRobotControllerParameter.lisp, /home/aokilablinuxws/catkin_ws/devel/share/common-lisp/ros/torobo_msgs/srv/_package_SetRobotControllerParameter.lisp)
Linked: (/home/aokilablinuxws/catkin_ws/devel/.private/torobo_msgs/share/common-lisp/ros/torobo_msgs/srv/ServoOn.lisp, /home/aokilablinuxws/catkin_ws/devel/share/common-lisp/ros/torobo_msgs/srv/ServoOn.lisp)
Linked: (/home/aokilablinuxws/catkin_ws/devel/.private/torobo_msgs/share/common-lisp/ros/torobo_msgs/srv/_package_ClearTrajectory.lisp, /home/aokilablinuxws/catkin_ws/devel/share/common-lisp/ros/torobo_msgs/srv/_package_ClearTrajectory.lisp)
Linked: (/home/aokilablinuxws/catkin_ws/devel/.private/torobo_msgs/share/common-lisp/ros/torobo_msgs/srv/_package_GetServoState.lisp, /home/aokilablinuxws/catkin_ws/devel/share/common-lisp/ros/torobo_msgs/srv/_package_GetServoState.lisp)
Linked: (/home/aokilablinuxws/catkin_ws/devel/.private/torobo_msgs/share/common-lisp/ros/torobo_msgs/srv/_package_SetControlMode.lisp, /home/aokilablinuxws/catkin_ws/devel/share/common-lisp/ros/torobo_msgs/srv/_package_SetControlMode.lisp)
Linked: (/home/aokilablinuxws/catkin_ws/devel/.private/torobo_msgs/share/common-lisp/ros/torobo_msgs/srv/_package_DeleteTeachingTrajectory.lisp, /home/aokilablinuxws/catkin_ws/devel/share/common-lisp/ros/torobo_msgs/srv/_package_DeleteTeachingTrajectory.lisp)
Linked: (/home/aokilablinuxws/catkin_ws/devel/.private/torobo_msgs/share/common-lisp/ros/torobo_msgs/srv/SetZeroEffort.lisp, /home/aokilablinuxws/catkin_ws/devel/share/common-lisp/ros/torobo_msgs/srv/SetZeroEffort.lisp)
Linked: (/home/aokilablinuxws/catkin_ws/devel/.private/torobo_msgs/share/common-lisp/ros/torobo_msgs/srv/_package_SetGeneralOutputRegister.lisp, /home/aokilablinuxws/catkin_ws/devel/share/common-lisp/ros/torobo_msgs/srv/_package_SetGeneralOutputRegister.lisp)
Linked: (/home/aokilablinuxws/catkin_ws/devel/.private/torobo_msgs/share/common-lisp/ros/torobo_msgs/srv/DeleteTeachingPoint.lisp, /home/aokilablinuxws/catkin_ws/devel/share/common-lisp/ros/torobo_msgs/srv/DeleteTeachingPoint.lisp)
Linked: (/home/aokilablinuxws/catkin_ws/devel/.private/torobo_msgs/share/common-lisp/ros/torobo_msgs/srv/GetJointState.lisp, /home/aokilablinuxws/catkin_ws/devel/share/common-lisp/ros/torobo_msgs/srv/GetJointState.lisp)
Linked: (/home/aokilablinuxws/catkin_ws/devel/.private/torobo_msgs/share/common-lisp/ros/torobo_msgs/srv/CancelTrajectory.lisp, /home/aokilablinuxws/catkin_ws/devel/share/common-lisp/ros/torobo_msgs/srv/CancelTrajectory.lisp)
Linked: (/home/aokilablinuxws/catkin_ws/devel/.private/torobo_msgs/share/common-lisp/ros/torobo_msgs/srv/_package_CheckCollision.lisp, /home/aokilablinuxws/catkin_ws/devel/share/common-lisp/ros/torobo_msgs/srv/_package_CheckCollision.lisp)
Linked: (/home/aokilablinuxws/catkin_ws/devel/.private/torobo_msgs/share/common-lisp/ros/torobo_msgs/srv/SendCommonCommand.lisp, /home/aokilablinuxws/catkin_ws/devel/share/common-lisp/ros/torobo_msgs/srv/SendCommonCommand.lisp)
Linked: (/home/aokilablinuxws/catkin_ws/devel/.private/torobo_msgs/share/common-lisp/ros/torobo_msgs/srv/CheckCollision.lisp, /home/aokilablinuxws/catkin_ws/devel/share/common-lisp/ros/torobo_msgs/srv/CheckCollision.lisp)
Linked: (/home/aokilablinuxws/catkin_ws/devel/.private/torobo_msgs/share/common-lisp/ros/torobo_msgs/srv/_package_SetPayloadParam.lisp, /home/aokilablinuxws/catkin_ws/devel/share/common-lisp/ros/torobo_msgs/srv/_package_SetPayloadParam.lisp)
Linked: (/home/aokilablinuxws/catkin_ws/devel/.private/torobo_msgs/share/common-lisp/ros/torobo_msgs/srv/_package_GetTeachingTrajectoryNames.lisp, /home/aokilablinuxws/catkin_ws/devel/share/common-lisp/ros/torobo_msgs/srv/_package_GetTeachingTrajectoryNames.lisp)
Linked: (/home/aokilablinuxws/catkin_ws/devel/.private/torobo_msgs/share/common-lisp/ros/torobo_msgs/srv/ClearTrajectory.lisp, /home/aokilablinuxws/catkin_ws/devel/share/common-lisp/ros/torobo_msgs/srv/ClearTrajectory.lisp)
Linked: (/home/aokilablinuxws/catkin_ws/devel/.private/torobo_msgs/share/common-lisp/ros/torobo_msgs/srv/_package_SetZeroEffort.lisp, /home/aokilablinuxws/catkin_ws/devel/share/common-lisp/ros/torobo_msgs/srv/_package_SetZeroEffort.lisp)
Linked: (/home/aokilablinuxws/catkin_ws/devel/.private/torobo_msgs/share/common-lisp/ros/torobo_msgs/srv/_package_GetTeachingTrajectory.lisp, /home/aokilablinuxws/catkin_ws/devel/share/common-lisp/ros/torobo_msgs/srv/_package_GetTeachingTrajectory.lisp)
